./bfs.out ../../data/bfs/graph32.txt -p 0 -d 0
** Final POCL_DEBUG flags: 100000 
Reading File
number of platforms:1
vendor is The pocl project
[INFO]: [HW DRIVER] in [FILE] ventus.cpp,[LINE]25,[fn] vt_dev_open: vt_dev_open : hello world from ventus.cpp
spike device initialize: allocating local memory: to allocate at 0x70000000 with 268435456 bytes 
spike device initialize: allocating pc source memory: to allocate at 0x80000000 with 268435456 bytes 
device number: 1
Creating GPU Context
### options: -DPOCL_DEVICE_ADDRESS_BITS=32 -D__USE_CLANG_OPENCL_C_H -xcl -Dinline= -I. -cl-kernel-arg-info  -D__ENDIAN_LITTLE__=1 -DCL_DEVICE_MAX_GLOBAL_VARIABLE_SIZE=0 -D__OPENCL_VERSION__=200 -cl-std=CL2.0 -D__OPENCL_C_VERSION__=200 -Dcl_khr_fp64=1 -D__opencl_c_generic_address_space=1 -D__opencl_c_named_address_space_builtins=1 -cl-ext=-all,+cl_khr_fp64,+__opencl_c_generic_address_space,+__opencl_c_named_address_space_builtins -fno-builtin -triple=riscv32 -target-cpu ventus-gpgpu user_options: 
### Triple: riscv32, CPU: ventus-gpgpu
Warning: the memory at  [0x90000000, 0x900000FF] has been realigned
to the 4 KiB page size: [0x90000000, 0x90000FFF]
Warning: the memory at  [0x90001000, 0x90001307] has been realigned
to the 4 KiB page size: [0x90001000, 0x90001FFF]
Warning: the memory at  [0x90002000, 0x9000201F] has been realigned
to the 4 KiB page size: [0x90002000, 0x90002FFF]
Warning: the memory at  [0x90003000, 0x9000301F] has been realigned
to the 4 KiB page size: [0x90003000, 0x90003FFF]
Warning: the memory at  [0x90004000, 0x9000401F] has been realigned
to the 4 KiB page size: [0x90004000, 0x90004FFF]
Warning: the memory at  [0x90005000, 0x9000507F] has been realigned
to the 4 KiB page size: [0x90005000, 0x90005FFF]
Warning: the memory at  [0x90006000, 0x90006000] has been realigned
to the 4 KiB page size: [0x90006000, 0x90006FFF]
[2024-03-05 09:48:55.365722260] POCL: in fn void pocl_ventus_run(void *, _cl_command_node *) at line 632:
  *** INFO ***  |    VENTUS |  Allocating kernel arg buffer entry:
Warning: the memory at  [0x90007000, 0x9000701B] has been realigned
to the 4 KiB page size: [0x90007000, 0x90007FFF]
[2024-03-05 09:48:55.387198888] POCL: in fn void pocl_ventus_run(void *, _cl_command_node *) at line 686:
  *** INFO ***  |    VENTUS |  Kernel entry of "BFS_1" is : "0x800000b8"
[2024-03-05 09:48:55.399986076] POCL: in fn void pocl_ventus_run(void *, _cl_command_node *) at line 749:
  *** INFO ***  |    VENTUS |  Vmem file has been written to object.vmem
[2024-03-05 09:48:55.400197111] POCL: in fn void pocl_ventus_run(void *, _cl_command_node *) at line 793:
  *** INFO ***  |    VENTUS |  Preparing private memory of ventus:
[2024-03-05 09:48:55.400208300] POCL: in fn void pocl_ventus_run(void *, _cl_command_node *) at line 828:
  *** INFO ***  |    VENTUS |  Allocating metadata space:
Warning: the memory at  [0x90028000, 0x9002803F] has been realigned
to the 4 KiB page size: [0x90028000, 0x90028FFF]
[2024-03-05 09:48:55.400215622] POCL: in fn void pocl_ventus_run(void *, _cl_command_node *) at line 838:
  *** INFO ***  |    VENTUS |  kernel metadata has been written to 0x90028000
[2024-03-05 09:48:55.411069935] POCL: in fn void pocl_ventus_run(void *, _cl_command_node *) at line 632:
  *** INFO ***  |    VENTUS |  Allocating kernel arg buffer entry:
Warning: the memory at  [0x90007000, 0x90007013] has been realigned
to the 4 KiB page size: [0x90007000, 0x90007FFF]
[2024-03-05 09:48:55.434323094] POCL: in fn void pocl_ventus_run(void *, _cl_command_node *) at line 686:
  *** INFO ***  |    VENTUS |  Kernel entry of "BFS_2" is : "0x800001ec"
[2024-03-05 09:48:55.447822264] POCL: in fn void pocl_ventus_run(void *, _cl_command_node *) at line 749:
  *** INFO ***  |    VENTUS |  Vmem file has been written to object.vmem
[2024-03-05 09:48:55.447965525] POCL: in fn void pocl_ventus_run(void *, _cl_command_node *) at line 793:
  *** INFO ***  |    VENTUS |  Preparing private memory of ventus:
[2024-03-05 09:48:55.447974843] POCL: in fn void pocl_ventus_run(void *, _cl_command_node *) at line 828:
  *** INFO ***  |    VENTUS |  Allocating metadata space:
Warning: the memory at  [0x90028000, 0x9002803F] has been realigned
to the 4 KiB page size: [0x90028000, 0x90028FFF]
[2024-03-05 09:48:55.447990147] POCL: in fn void pocl_ventus_run(void *, _cl_command_node *) at line 838:
  *** INFO ***  |    VENTUS |  kernel metadata has been written to 0x90028000
[2024-03-05 09:48:55.455691613] POCL: in fn void pocl_ventus_run(void *, _cl_command_node *) at line 632:
  *** INFO ***  |    VENTUS |  Allocating kernel arg buffer entry:
Warning: the memory at  [0x90007000, 0x9000701B] has been realigned
to the 4 KiB page size: [0x90007000, 0x90007FFF]
[2024-03-05 09:48:55.479243708] POCL: in fn void pocl_ventus_run(void *, _cl_command_node *) at line 686:
  *** INFO ***  |    VENTUS |  Kernel entry of "BFS_1" is : "0x800000b8"
[2024-03-05 09:48:55.494221132] POCL: in fn void pocl_ventus_run(void *, _cl_command_node *) at line 749:
  *** INFO ***  |    VENTUS |  Vmem file has been written to object.vmem
[2024-03-05 09:48:55.494374446] POCL: in fn void pocl_ventus_run(void *, _cl_command_node *) at line 793:
  *** INFO ***  |    VENTUS |  Preparing private memory of ventus:
[2024-03-05 09:48:55.494383698] POCL: in fn void pocl_ventus_run(void *, _cl_command_node *) at line 828:
  *** INFO ***  |    VENTUS |  Allocating metadata space:
Warning: the memory at  [0x90028000, 0x9002803F] has been realigned
to the 4 KiB page size: [0x90028000, 0x90028FFF]
[2024-03-05 09:48:55.494390771] POCL: in fn void pocl_ventus_run(void *, _cl_command_node *) at line 838:
  *** INFO ***  |    VENTUS |  kernel metadata has been written to 0x90028000
[2024-03-05 09:48:55.504855170] POCL: in fn void pocl_ventus_run(void *, _cl_command_node *) at line 632:
  *** INFO ***  |    VENTUS |  Allocating kernel arg buffer entry:
Warning: the memory at  [0x90007000, 0x90007013] has been realigned
to the 4 KiB page size: [0x90007000, 0x90007FFF]
[2024-03-05 09:48:55.524980605] POCL: in fn void pocl_ventus_run(void *, _cl_command_node *) at line 686:
  *** INFO ***  |    VENTUS |  Kernel entry of "BFS_2" is : "0x800001ec"
[2024-03-05 09:48:55.538519821] POCL: in fn void pocl_ventus_run(void *, _cl_command_node *) at line 749:
  *** INFO ***  |    VENTUS |  Vmem file has been written to object.vmem
[2024-03-05 09:48:55.538673690] POCL: in fn void pocl_ventus_run(void *, _cl_command_node *) at line 793:
  *** INFO ***  |    VENTUS |  Preparing private memory of ventus:
[2024-03-05 09:48:55.538683048] POCL: in fn void pocl_ventus_run(void *, _cl_command_node *) at line 828:
  *** INFO ***  |    VENTUS |  Allocating metadata space:
Warning: the memory at  [0x90028000, 0x9002803F] has been realigned
to the 4 KiB page size: [0x90028000, 0x90028FFF]
[2024-03-05 09:48:55.538690299] POCL: in fn void pocl_ventus_run(void *, _cl_command_node *) at line 838:
  *** INFO ***  |    VENTUS |  kernel metadata has been written to 0x90028000
to allocate at 0x90000000 with 4096 bytes 
to copy to 0x90000000 with 256 bytes
to allocate at 0x90001000 with 4096 bytes 
to copy to 0x90001000 with 776 bytes
to allocate at 0x90002000 with 4096 bytes 
to copy to 0x90002000 with 32 bytes
to allocate at 0x90003000 with 4096 bytes 
to copy to 0x90003000 with 32 bytes
to allocate at 0x90004000 with 4096 bytes 
to copy to 0x90004000 with 32 bytes
to allocate at 0x90005000 with 4096 bytes 
to copy to 0x90005000 with 128 bytes
to allocate at 0x90006000 with 4096 bytes 
to copy to 0x90006000 with 1 bytes
notice that ventus hasn't support local buffer as argument yet.
to allocate at 0x90007000 with 4096 bytes 
to copy to 0x90007000 with 28 bytes
to allocate at 0x90008000 with 131072 bytes 
to allocate at 0x90028000 with 4096 bytes 
to copy to 0x90028000 with 64 bytes
arg gpgpu is numw:4,numt:8,numwg:1,kernelx:1,kernely:1,kernelz:1,ldssize:0x1000,pdssize:0x10000000,pdsbase:0x90008000,knlbase:0x90028000,currwgid:0
vaddr mem scope is -m0x70000000:0x90029000
src file is object.riscv, run log is written to object.riscv.log
spike -l --log-commits -p4 --isa rv32gcv_zfh --pc=0x80000000 -m0x70000000:0x90029000 --varch vlen:256,elen:32 --gpgpuarch numw:4,numt:8,numwg:1,kernelx:1,kernely:1,kernelz:1,ldssize:0x1000,pdssize:0x10000000,pdsbase:0x90008000,knlbase:0x90028000,currwgid:0 --log=object.riscv.log object.riscv 
Log file object.riscv.log renamed successfully to BFS_1_0.log.
notice that ventus hasn't support local buffer as argument yet.
to allocate at 0x90007000 with 4096 bytes 
to copy to 0x90007000 with 20 bytes
to allocate at 0x90008000 with 131072 bytes 
to allocate at 0x90028000 with 4096 bytes 
to copy to 0x90028000 with 64 bytes
arg gpgpu is numw:4,numt:8,numwg:1,kernelx:1,kernely:1,kernelz:1,ldssize:0x1000,pdssize:0x10000000,pdsbase:0x90008000,knlbase:0x90028000,currwgid:0
vaddr mem scope is -m0x70000000:0x90029000
src file is object.riscv, run log is written to object.riscv.log
spike -l --log-commits -p4 --isa rv32gcv_zfh --pc=0x80000000 -m0x70000000:0x90029000 --varch vlen:256,elen:32 --gpgpuarch numw:4,numt:8,numwg:1,kernelx:1,kernely:1,kernelz:1,ldssize:0x1000,pdssize:0x10000000,pdsbase:0x90008000,knlbase:0x90028000,currwgid:0 --log=object.riscv.log object.riscv 
Log file object.riscv.log renamed successfully to BFS_2_0.log.
to copy from 0x90006000 with 1 bytes
to copy to 0x90006000 with 1 bytes
notice that ventus hasn't support local buffer as argument yet.
to allocate at 0x90007000 with 4096 bytes 
to copy to 0x90007000 with 28 bytes
to allocate at 0x90008000 with 131072 bytes 
to allocate at 0x90028000 with 4096 bytes 
to copy to 0x90028000 with 64 bytes
arg gpgpu is numw:4,numt:8,numwg:1,kernelx:1,kernely:1,kernelz:1,ldssize:0x1000,pdssize:0x10000000,pdsbase:0x90008000,knlbase:0x90028000,currwgid:0
vaddr mem scope is -m0x70000000:0x90029000
src file is object.riscv, run log is written to object.riscv.log
spike -l --log-commits -p4 --isa rv32gcv_zfh --pc=0x80000000 -m0x70000000:0x90029000 --varch vlen:256,elen:32 --gpgpuarch numw:4,numt:8,numwg:1,kernelx:1,kernely:1,kernelz:1,ldssize:0x1000,pdssize:0x10000000,pdsbase:0x90008000,knlbase:0x90028000,currwgid:0 --log=object.riscv.log object.riscv 
Log file object.riscv.log renamed successfully to BFS_1_1.log.
notice that ventus hasn't support local buffer as argument yet.
to allocate at 0x90007000 with 4096 bytes 
to copy to 0x90007000 with 20 bytes
to allocate at 0x90008000 with 131072 bytes 
to allocate at 0x90028000 with 4096 bytes 
to copy to 0x90028000 with 64 bytes
arg gpgpu is numw:4,numt:8,numwg:1,kernelx:1,kernely:1,kernelz:1,ldssize:0x1000,pdssize:0x10000000,pdsbase:0x90008000,knlbase:0x90028000,currwgid:0
vaddr mem scope is -m0x70000000:0x90029000
src file is object.riscv, run log is written to object.riscv.log
spike -l --log-commits -p4 --isa rv32gcv_zfh --pc=0x80000000 -m0x70000000:0x90029000 --varch vlen:256,elen:32 --gpgpuarch numw:4,numt:8,numwg:1,kernelx:1,kernely:1,kernelz:1,ldssize:0x1000,pdssize:0x10000000,pdsbase:0x90008000,knlbase:0x90028000,currwgid:0 --log=object.riscv.log object.riscv 
Log file obj[2024-03-05 09:48:55.545393395] POCL: in fn void pocl_ventus_run(void *, _cl_command_node *) at line 632:
  *** INFO ***  |    VENTUS |  Allocating kernel arg buffer entry:
Warning: the memory at  [0x90007000, 0x9000701B] has been realigned
to the 4 KiB page size: [0x90007000, 0x90007FFF]
[2024-03-05 09:48:55.570194054] POCL: in fn void pocl_ventus_run(void *, _cl_command_node *) at line 686:
  *** INFO ***  |    VENTUS |  Kernel entry of "BFS_1" is : "0x800000b8"
[2024-03-05 09:48:55.585504784] POCL: in fn void pocl_ventus_run(void *, _cl_command_node *) at line 749:
  *** INFO ***  |    VENTUS |  Vmem file has been written to object.vmem
[2024-03-05 09:48:55.585657793] POCL: in fn void pocl_ventus_run(void *, _cl_command_node *) at line 793:
  *** INFO ***  |    VENTUS |  Preparing private memory of ventus:
[2024-03-05 09:48:55.585667749] POCL: in fn void pocl_ventus_run(void *, _cl_command_node *) at line 828:
  *** INFO ***  |    VENTUS |  Allocating metadata space:
Warning: the memory at  [0x90028000, 0x9002803F] has been realigned
to the 4 KiB page size: [0x90028000, 0x90028FFF]
[2024-03-05 09:48:55.585674993] POCL: in fn void pocl_ventus_run(void *, _cl_command_node *) at line 838:
  *** INFO ***  |    VENTUS |  kernel metadata has been written to 0x90028000
[2024-03-05 09:48:55.597830420] POCL: in fn void pocl_ventus_run(void *, _cl_command_node *) at line 632:
  *** INFO ***  |    VENTUS |  Allocating kernel arg buffer entry:
Warning: the memory at  [0x90007000, 0x90007013] has been realigned
to the 4 KiB page size: [0x90007000, 0x90007FFF]
[2024-03-05 09:48:55.619530175] POCL: in fn void pocl_ventus_run(void *, _cl_command_node *) at line 686:
  *** INFO ***  |    VENTUS |  Kernel entry of "BFS_2" is : "0x800001ec"
[2024-03-05 09:48:55.633311636] POCL: in fn void pocl_ventus_run(void *, _cl_command_node *) at line 749:
  *** INFO ***  |    VENTUS |  Vmem file has been written to object.vmem
[2024-03-05 09:48:55.633471418] POCL: in fn void pocl_ventus_run(void *, _cl_command_node *) at line 793:
  *** INFO ***  |    VENTUS |  Preparing private memory of ventus:
[2024-03-05 09:48:55.633481232] POCL: in fn void pocl_ventus_run(void *, _cl_command_node *) at line 828:
  *** INFO ***  |    VENTUS |  Allocating metadata space:
Warning: the memory at  [0x90028000, 0x9002803F] has been realigned
to the 4 KiB page size: [0x90028000, 0x90028FFF]
[2024-03-05 09:48:55.633488516] POCL: in fn void pocl_ventus_run(void *, _cl_command_node *) at line 838:
  *** INFO ***  |    VENTUS |  kernel metadata has been written to 0x90028000
[2024-03-05 09:48:55.640361262] POCL: in fn void pocl_ventus_run(void *, _cl_command_node *) at line 632:
  *** INFO ***  |    VENTUS |  Allocating kernel arg buffer entry:
Warning: the memory at  [0x90007000, 0x9000701B] has been realigned
to the 4 KiB page size: [0x90007000, 0x90007FFF]
[2024-03-05 09:48:55.664689424] POCL: in fn void pocl_ventus_run(void *, _cl_command_node *) at line 686:
  *** INFO ***  |    VENTUS |  Kernel entry of "BFS_1" is : "0x800000b8"
[2024-03-05 09:48:55.681312226] POCL: in fn void pocl_ventus_run(void *, _cl_command_node *) at line 749:
  *** INFO ***  |    VENTUS |  Vmem file has been written to object.vmem
[2024-03-05 09:48:55.681466500] POCL: in fn void pocl_ventus_run(void *, _cl_command_node *) at line 793:
  *** INFO ***  |    VENTUS |  Preparing private memory of ventus:
[2024-03-05 09:48:55.681477099] POCL: in fn void pocl_ventus_run(void *, _cl_command_node *) at line 828:
  *** INFO ***  |    VENTUS |  Allocating metadata space:
Warning: the memory at  [0x90028000, 0x9002803F] has been realigned
to the 4 KiB page size: [0x90028000, 0x90028FFF]
[2024-03-05 09:48:55.681484453] POCL: in fn void pocl_ventus_run(void *, _cl_command_node *) at line 838:
  *** INFO ***  |    VENTUS |  kernel metadata has been written to 0x90028000
[2024-03-05 09:48:55.690283073] POCL: in fn void pocl_ventus_run(void *, _cl_command_node *) at line 632:
  *** INFO ***  |    VENTUS |  Allocating kernel arg buffer entry:
Warning: the memory at  [0x90007000, 0x90007013] has been realigned
to the 4 KiB page size: [0x90007000, 0x90007FFF]
[2024-03-05 09:48:55.713127407] POCL: in fn void pocl_ventus_run(void *, _cl_command_node *) at line 686:
  *** INFO ***  |    VENTUS |  Kernel entry of "BFS_2" is : "0x800001ec"
[2024-03-05 09:48:55.726089927] POCL: in fn void pocl_ventus_run(void *, _cl_command_node *) at line 749:
  *** INFO ***  |    VENTUS |  Vmem file has been written to object.vmem
[2024-03-05 09:48:55.726242310] POCL: in fn void pocl_ventus_run(void *, _cl_command_node *) at line 793:
  *** INFO ***  |    VENTUS |  Preparing private memory of ventus:
[2024-03-05 09:48:55.726251889] POCL: in fn void pocl_ventus_run(void *, _cl_command_node *) at line 828:
  *** INFO ***  |    VENTUS |  Allocating metadata space:
Warning: the memory at  [0x90028000, 0x9002803F] has been realigned
to the 4 KiB page size: [0x90028000, 0x90028FFF]
[2024-03-05 09:48:55.726259427] POCL: in fn void pocl_ventus_run(void *, _cl_command_node *) at line 838:
  *** INFO ***  |    VENTUS |  kernel metadata has been written to 0x90028000
ect.riscv.log renamed successfully to BFS_2_1.log.
to copy from 0x90006000 with 1 bytes
to copy to 0x90006000 with 1 bytes
notice that ventus hasn't support local buffer as argument yet.
to allocate at 0x90007000 with 4096 bytes 
to copy to 0x90007000 with 28 bytes
to allocate at 0x90008000 with 131072 bytes 
to allocate at 0x90028000 with 4096 bytes 
to copy to 0x90028000 with 64 bytes
arg gpgpu is numw:4,numt:8,numwg:1,kernelx:1,kernely:1,kernelz:1,ldssize:0x1000,pdssize:0x10000000,pdsbase:0x90008000,knlbase:0x90028000,currwgid:0
vaddr mem scope is -m0x70000000:0x90029000
src file is object.riscv, run log is written to object.riscv.log
spike -l --log-commits -p4 --isa rv32gcv_zfh --pc=0x80000000 -m0x70000000:0x90029000 --varch vlen:256,elen:32 --gpgpuarch numw:4,numt:8,numwg:1,kernelx:1,kernely:1,kernelz:1,ldssize:0x1000,pdssize:0x10000000,pdsbase:0x90008000,knlbase:0x90028000,currwgid:0 --log=object.riscv.log object.riscv 
Log file object.riscv.log renamed successfully to BFS_1_2.log.
notice that ventus hasn't support local buffer as argument yet.
to allocate at 0x90007000 with 4096 bytes 
to copy to 0x90007000 with 20 bytes
to allocate at 0x90008000 with 131072 bytes 
to allocate at 0x90028000 with 4096 bytes 
to copy to 0x90028000 with 64 bytes
arg gpgpu is numw:4,numt:8,numwg:1,kernelx:1,kernely:1,kernelz:1,ldssize:0x1000,pdssize:0x10000000,pdsbase:0x90008000,knlbase:0x90028000,currwgid:0
vaddr mem scope is -m0x70000000:0x90029000
src file is object.riscv, run log is written to object.riscv.log
spike -l --log-commits -p4 --isa rv32gcv_zfh --pc=0x80000000 -m0x70000000:0x90029000 --varch vlen:256,elen:32 --gpgpuarch numw:4,numt:8,numwg:1,kernelx:1,kernely:1,kernelz:1,ldssize:0x1000,pdssize:0x10000000,pdsbase:0x90008000,knlbase:0x90028000,currwgid:0 --log=object.riscv.log object.riscv 
Log file object.riscv.log renamed successfully to BFS_2_2.log.
to copy from 0x90006000 with 1 bytes
to copy to 0x90006000 with 1 bytes
notice that ventus hasn't support local buffer as argument yet.
to allocate at 0x90007000 with 4096 bytes 
to copy to 0x90007000 with 28 bytes
to allocate at 0x90008000 with 131072 bytes 
to allocate at 0x90028000 with 4096 bytes 
to copy to 0x90028000 with 64 bytes
arg gpgpu is numw:4,numt:8,numwg:1,kernelx:1,kernely:1,kernelz:1,ldssize:0x1000,pdssize:0x10000000,pdsbase:0x90008000,knlbase:0x90028000,currwgid:0
vaddr mem scope is -m0x70000000:0x90029000
src file is object.riscv, run log is written to object.riscv.log
spike -l --log-commits -p4 --isa rv32gcv_zfh --pc=0x80000000 -m0x70000000:0x90029000 --varch vlen:256,elen:32 --gpgpuarch numw:4,numt:8,numwg:1,kernelx:1,kernely:1,kernelz:1,ldssize:0x1000,pdssize:0x10000000,pdsbase:0x90008000,knlbase:0x90028000,currwgid:0 --log=object.riscv.log object.riscv 
Log file object.riscv.log renamed successfully to BFS_1_3.log.
notice that ventus hasn't support local buffer as argument yet.
to allocate at 0x90007000 with 4096 bytes 
to copy to 0x90007000 with 20 bytes
to allocate at 0x90008000 with 131072 bytes 
to allocate at 0x90028000 with 4096 bytes 
to copy to 0x90028000 with 64 bytes
arg gpgpu is numw:4,numt:8,numwg:1,kernelx:1,kernely:1,kernelz:1,ldssize:0x1000,pdssize:0x10000000,pdsbase:0x90008000,knlbase:0x90028000,currwgid:0
vaddr mem scope is -m0x70000000:0x90029000
src file is object.riscv, run log is written to object.riscv.log
spike -l --log-commits -p4 --isa rv32gcv_zfh --pc=0x80000000 -m0x70000000:0x90029000 --varch vlen:256,elen:32 --gpgpuarch numw:4,numt:8,numwg:1,kernelx:1,kernely:1,kernelz:1,ldssize:0x1000,pdssize:0x10000000,pdsbase:0x90008000,knlbase:0x90028000,currwgid:0 --log=object.riscv.log object.riscv 
Log file object.riscv.log renamed successfully to BFS_2_3.log.
to copy from 0x90006000 with 1 bytes
to copy from 0x90005000 with 128 bytes
Init: 343.253998
MemAlloc: 0.009000
HtoD: 0.038102
Exec: 367.229431
DtoH: 0.026926
Close: 0.036000
Total: 710.937988
cpu_results:  0 1 3 2 2 3 1 3 2 1 3 2 2 2 1 2 2 3 2 2 2 1 2 3 1 2 3 2 2 2 1 2
gpu_results:  0 1 3 2 2 3 1 3 2 1 3 2 2 2 1 2 2 3 2 2 2 1 2 3 1 2 3 2 2 2 1 2
--cambine:passed:-)
