** Final POCL_DEBUG flags: 100000 
WG size of kernel = 16 
[INFO]: [HW DRIVER] in [FILE] ventus.cpp,[LINE]25,[fn] vt_dev_open: vt_dev_open : hello world from ventus.cpp
spike device initialize: allocating local memory: to allocate at 0x70000000 with 268435456 bytes 
spike device initialize: allocating pc source memory: to allocate at 0x80000000 with 268435456 bytes 
num_devices = 1
### options: -DPOCL_DEVICE_ADDRESS_BITS=32 -D__USE_CLANG_OPENCL_C_H -xcl -Dinline= -I. -cl-kernel-arg-info -DBLOCK_SIZE=16 -D__ENDIAN_LITTLE__=1 -DCL_DEVICE_MAX_GLOBAL_VARIABLE_SIZE=0 -D__OPENCL_VERSION__=200 -cl-std=CL2.0 -D__OPENCL_C_VERSION__=200 -Dcl_khr_fp64=1 -D__opencl_c_generic_address_space=1 -D__opencl_c_named_address_space_builtins=1 -cl-ext=-all,+cl_khr_fp64,+__opencl_c_generic_address_space,+__opencl_c_named_address_space_builtins -fno-builtin -triple=riscv32 -target-cpu ventus-gpgpu user_options: -DBLOCK_SIZE=16
### Triple: riscv32, CPU: ventus-gpgpu
Warning: the memory at  [0x90000000, 0x90000483] has been realigned
to the 4 KiB page size: [0x90000000, 0x90000FFF]
Warning: the memory at  [0x90001000, 0x90001483] has been realigned
to the 4 KiB page size: [0x90001000, 0x90001FFF]
Warning: the memory at  [0x90002000, 0x90002483] has been realigned
to the 4 KiB page size: [0x90002000, 0x90002FFF]
vaddr do not fit buffer allocated.vaddr do not fit buffer allocated.[2024-03-04 09:54:54.580954051] POCL: in fn void pocl_ventus_run(void *, _cl_command_node *) at line 632:
  *** INFO ***  |    VENTUS |  Allocating kernel arg buffer entry:
Warning: the memory at  [0x90003000, 0x9000302F] has been realigned
to the 4 KiB page size: [0x90003000, 0x90003FFF]
[2024-03-04 09:54:54.611785109] POCL: in fn void pocl_ventus_run(void *, _cl_command_node *) at line 686:
  *** INFO ***  |    VENTUS |  Kernel entry of "nw_kernel1" is : "0x800000f4"
[2024-03-04 09:54:54.627354569] POCL: in fn void pocl_ventus_run(void *, _cl_command_node *) at line 749:
  *** INFO ***  |    VENTUS |  Vmem file has been written to object.vmem
[2024-03-04 09:54:54.627712306] POCL: in fn void pocl_ventus_run(void *, _cl_command_node *) at line 793:
  *** INFO ***  |    VENTUS |  Preparing private memory of ventus:
[2024-03-04 09:54:54.627722838] POCL: in fn void pocl_ventus_run(void *, _cl_command_node *) at line 828:
  *** INFO ***  |    VENTUS |  Allocating metadata space:
Warning: the memory at  [0x90014000, 0x9001403F] has been realigned
to the 4 KiB page size: [0x90014000, 0x90014FFF]
[2024-03-04 09:54:54.627730737] POCL: in fn void pocl_ventus_run(void *, _cl_command_node *) at line 838:
  *** INFO ***  |    VENTUS |  kernel metadata has been written to 0x90014000
to allocate at 0x90000000 with 4096 bytes 
to copy to 0x90000000 with 1156 bytes
to allocate at 0x90001000 with 4096 bytes 
to copy to 0x90001000 with 1156 bytes
worksize = 16
Processing upper-left matrix
to allocate at 0x90002000 with 4096 bytes 
new_lds_base:7ffff000
to copy to 0x7ffff000 with 4096 bytes
not support local buffer arg yet.
new_lds_base:7fffe000
to copy to 0x7fffe000 with 4096 bytes
not support local buffer arg yet.
notice that ventus hasn't support local buffer as argument yet.
to allocate at 0x90003000 with 4096 bytes 
to copy to 0x90003000 with 48 bytes
to allocate at 0x90004000 with 65536 bytes 
to allocate at 0x90014000 with 4096 bytes 
to copy to 0x90014000 with 64 bytes
arg gpgpu is numw:2,numt:8,numwg:1,kernelx:1,kernely:1,kernelz:1,ldssize:0x1000,pdssize:0x10000000,pdsbase:0x90004000,knlbase:0x90014000,currwgid:0
vaddr mem scope is -m0x70000000:0x90015000
src file is object.riscv, run log is written to object.riscv.log
spike -l --log-commits -p2 --isa rv32gcv_zfh --pc=0x80000000 -m0x70000000:0x90015000 --varch vlen:256,elen:32 --gpgpuarch numw:2,numt:8,numwg:1,kernelx:1,kernely:1,kernelz:1,ldssize:0x1000,pdssize:0x10000000,pdsbase:0x90004000,knlbase:0x90014000,currwgid:0 --log=object.riscv.log object.riscv 
Log file object.riscv.log renamed successfully to nw_kernel1_0.log.
Processing lower-right matrix
to copy from 0x90000000 with 1156 bytes
Computation Done
Init: 380.140991
MemAlloc: 0.005000
HtoD: 0.029237
Exec: 72.866188
DtoH: 0.007942
Close: 0.010000
Total: 453.282990
