WG size of kernel_swap = 64, WG size of kernel_kmeans = 64 

I/O completed

Number of objects: 32
Number of features: 34
[INFO]: [HW DRIVER] in [FILE] ventus.cpp,[LINE]25,[fn] vt_dev_open: vt_dev_open : hello world from ventus.cpp
spike device initialize: allocating local memory: to allocate at 0x70000000 with 268435456 bytes 
spike device initialize: allocating pc source memory: to allocate at 0x80000000 with 268435456 bytes 
### Triple: riscv32, CPU: ventus-gpgpu
to allocate at 0x90000000 with 8192 bytes 
to copy to 0x90000000 with 4352 bytes
to allocate at 0x90002000 with 8192 bytes 
notice that ventus hasn't support local buffer as argument yet.
to allocate at 0x90004000 with 4096 bytes 
to copy to 0x90004000 with 16 bytes
to allocate at 0x90005000 with 262144 bytes 
to allocate at 0x90045000 with 4096 bytes 
to copy to 0x90045000 with 64 bytes
arg gpgpu is numw:4,numt:16,numwg:1,kernelx:1,kernely:1,kernelz:1,ldssize:0x1000,pdssize:0x10000000,pdsbase:0x90005000,knlbase:0x90045000,currwgid:0
vaddr mem scope is -m0x70000000:0x90046000
src file is object.riscv, run log is written to object.riscv.log
spike -l --log-commits -p4 --isa rv32gcv_zfh --pc=0x80000000 -m0x70000000:0x90046000 --varch vlen:512,elen:32 --gpgpuarch numw:4,numt:16,numwg:1,kernelx:1,kernely:1,kernelz:1,ldssize:0x1000,pdssize:0x10000000,pdsbase:0x90005000,knlbase:0x90045000,currwgid:0 --log=object.riscv.log object.riscv 
Log file object.riscv.log renamed successfully to kmeans_swap_0.log.
to allocate at 0x90004000 with 4096 bytes 
to copy to 0x90004000 with 680 bytes
to allocate at 0x90005000 with 4096 bytes 
notice that ventus hasn't support local buffer as argument yet.
to allocate at 0x90006000 with 4096 bytes 
to copy to 0x90006000 with 32 bytes
to allocate at 0x90007000 with 262144 bytes 
to allocate at 0x90047000 with 4096 bytes 
to copy to 0x90047000 with 64 bytes
arg gpgpu is numw:4,numt:16,numwg:1,kernelx:1,kernely:1,kernelz:1,ldssize:0x1000,pdssize:0x10000000,pdsbase:0x90007000,knlbase:0x90047000,currwgid:0
vaddr mem scope is -m0x70000000:0x90048000
src file is object.riscv, run log is written to object.riscv.log
spike -l --log-commits -p4 --isa rv32gcv_zfh --pc=0x80000000 -m0x70000000:0x90048000 --varch vlen:512,elen:32 --gpgpuarch numw:4,numt:16,numwg:1,kernelx:1,kernely:1,kernelz:1,ldssize:0x1000,pdssize:0x10000000,pdsbase:0x90007000,knlbase:0x90047000,currwgid:0 --log=object.riscv.log object.riscv 
Log file object.riscv.log renamed successfully to kmeans_kernel_c_0.log.
to copy from 0x90005000 with 128 bytes
to copy to 0x90004000 with 680 bytes
notice that ventus hasn't support local buffer as argument yet.
to allocate at 0x90006000 with 4096 bytes 
to copy to 0x90006000 with 32 bytes
to allocate at 0x90007000 with 262144 bytes 
to allocate at 0x90047000 with 4096 bytes 
to copy to 0x90047000 with 64 bytes
arg gpgpu is numw:4,numt:16,numwg:1,kernelx:1,kernely:1,kernelz:1,ldssize:0x1000,pdssize:0x10000000,pdsbase:0x90007000,knlbase:0x90047000,currwgid:0
vaddr mem scope is -m0x70000000:0x90048000
src file is object.riscv, run log is written to object.riscv.log
spike -l --log-commits -p4 --isa rv32gcv_zfh --pc=0x80000000 -m0x70000000:0x90048000 --varch vlen:512,elen:32 --gpgpuarch numw:4,numt:16,numwg:1,kernelx:1,kernely:1,kernelz:1,ldssize:0x1000,pdssize:0x10000000,pdsbase:0x90007000,knlbase:0x90047000,currwgid:0 --log=object.riscv.log object.riscv 
Log file object.riscv.log renamed successfully to kmeans_kernel_c_1.log.
to copy from 0x90005000 with 128 bytes
to copy to 0x90004000 with 680 bytes
notice that ventus hasn't support local buffer as argument yet.
to allocate at 0x90006000 with 4096 bytes 
to copy to 0x90006000 with 32 bytes
to allocate at 0x90007000 with 262144 bytes 
to allocate at 0x90047000 with 4096 bytes 
to copy to 0x90047000 with 64 bytes
arg gpgpu is numw:4,numt:16,numwg:1,kernelx:1,kernely:1,kernelz:1,ldssize:0x1000,pdssize:0x10000000,pdsbase:0x90007000,knlbase:0x90047000,currwgid:0
vaddr mem scope is -m0x70000000:0x90048000
src file is object.riscv, run log is written to object.riscv.log
spike -l --log-commits -p4 --isa rv32gcv_zfh --pc=0x80000000 -m0x70000000:0x90048000 --varch vlen:512,elen:32 --gpgpuarch numw:4,numt:16,numwg:1,kernelx:1,kernely:1,kernelz:1,ldssize:0x1000,pdssize:0x10000000,pdsbase:0x90007000,knlbase:0x90047000,currwgid:0 --log=object.riscv.log object.riscv 
Log file object.riscv.log renamed successfully to kmeans_kernel_c_2.log.
to copy from 0x90005000 with 128 bytes
iterated 3 times

================= Centroid Coordinates =================
0: 144.73 141.64 94.45 104.27 39.18 136.18 154.36 132.36 155.09 111.27 150.36 126.36 137.18 107.36 128.73 103.82 167.55 108.09 113.82 103.27 165.00 157.82 149.09 162.18 110.18 120.73 143.64 80.45 136.45 141.91 135.73 165.00 121.09 137.45

1: 101.50 181.00 83.25 214.75 128.25 193.75 125.75 50.50 135.00 133.50 56.75 91.00 163.25 44.75 171.00 67.75 132.00 143.00 160.50 74.75 51.50 193.25 87.50 170.00 193.00 106.25 102.75 129.50 130.50 114.25 89.50 168.25 167.75 45.00

2: 76.00 87.70 75.30 168.50 112.90 117.00 108.40 91.90 145.50 123.30 131.00 118.00 182.70 186.80 170.70 184.30 79.60 149.90 115.90 135.50 88.10 131.10 103.10 99.00 124.90 141.40 140.90 134.30 130.90 133.90 134.40 104.70 196.40 82.00

3: 122.00 204.00 229.00 102.00 147.50 94.50 202.00 193.50 91.00 136.50 170.00 115.00 181.50 222.50 23.50 75.50 129.00 97.00 103.00 183.00 143.50 106.50 197.00 130.50 193.50 138.00 174.50 210.50 41.50 63.00 119.00 36.00 139.00 92.00

4: 101.40 133.00 186.40 77.00 146.40 100.60 124.20 110.00 152.80 120.40 58.80 170.80 165.20 158.60 91.60 103.40 132.40 174.00 133.40 162.40 212.80 169.60 87.20 169.00 78.40 125.80 114.00 156.20 124.60 99.60 116.40 124.00 79.20 98.20

Number of Iteration: 1
