/eda/work/yangzx/ventus/gpu-rodinia/opencl/gaussian/gaussian.out -p 0 -d 0 -f ../../data/gaussian/matrix4.txt -v
WG size of kernel 1 = 4, WG size of kernel 2= 4 X 4
Read file from ../../data/gaussian/matrix4.txt 
Number of platforms detected:1
Checking For OpenCl Compatible Devices
Platform 0
vendor: The pocl project
** Final POCL_DEBUG flags: 100000 
[INFO]: [HW DRIVER] in [FILE] ventus.cpp,[LINE]25,[fn] vt_dev_open: vt_dev_open : hello world from ventus.cpp
spike device initialize: allocating local memory: to allocate at 0x70000000 with 268435456 bytes 
spike device initialize: allocating pc source memory: to allocate at 0x80000000 with 268435456 bytes 
no of devices: 1
        device 0: THU Ventus GPGPU device

Using Platform 0 Device 0 
Creating GPU Context
Profiling enabled
The input matrix a is:
-6.00e-01 -5.00e-01 7.00e-01 3.00e-01 
-3.00e-01 -9.00e-01 3.00e-01 7.00e-01 
-4.00e-01 -5.00e-01 -3.00e-01 -8.00e-01 
0.00e+00 -1.00e-01 2.00e-01 9.00e-01 

The input array b is:
-8.50e-01 -6.80e-01 2.40e-01 -5.30e-01 

        gaussianElim_kernels.cl
### options: -DPOCL_DEVICE_ADDRESS_BITS=32 -D__USE_CLANG_OPENCL_C_H -xcl -Dinline= -I. -cl-kernel-arg-info  -D__ENDIAN_LITTLE__=1 -DCL_DEVICE_MAX_GLOBAL_VARIABLE_SIZE=0 -D__OPENCL_VERSION__=200 -cl-std=CL2.0 -D__OPENCL_C_VERSION__=200 -Dcl_khr_fp64=1 -D__opencl_c_generic_address_space=1 -cl-ext=-all,+cl_khr_fp64,+__opencl_c_generic_address_space -fno-builtin -triple=riscv32 -target-cpu ventus-gpgpu user_options: 
### Triple: riscv32, CPU: ventus-gpgpu

Warning: the memory at  [0x90000000, 0x9000003F] has been realigned
to the 4 KiB page size: [0x90000000, 0x90000FFF]
to allocate at 0x90000000 with 4096 bytes 
to copy to 0x90000000 with 64 bytes
Warning: the memory at  [0x90001000, 0x9000100F] has been realigned
to the 4 KiB page size: [0x90001000, 0x90001FFF]
to allocate at 0x90001000 with 4096 bytes 
to copy to 0x90001000 with 16 bytes
Warning: the memory at  [0x90002000, 0x9000203F] has been realigned
to the 4 KiB page size: [0x90002000, 0x90002FFF]
to allocate at 0x90002000 with 4096 bytes 
to copy to 0x90002000 with 64 bytes
notice that ventus hasn't support local buffer as argument yet.
[2023-09-29 07:15:34.819466884]POCL: in fn void pocl_ventus_run(void *, _cl_command_node *) at line 603:
  |    VENTUS |  Allocating kernel arg buffer entry:
Warning: the memory at  [0x90003000, 0x90003013] has been realigned
to the 4 KiB page size: [0x90003000, 0x90003FFF]
to allocate at 0x90003000 with 4096 bytes 
to copy to 0x90003000 with 20 bytes
[2023-09-29 07:15:34.139939462809282]POCL: in fn void pocl_ventus_run(void *, _cl_command_node *) at line 656:
  |    VENTUS |  Kernel entry of "Fan1" is : "0x800000a8"
[2023-09-29 07:15:35.1187844352362673824]POCL: in fn void pocl_ventus_run(void *, _cl_command_node *) at line 679:
  |    VENTUS |  Vmem file has been written to object.vmem
[2023-09-29 07:15:35.520852914]POCL: in fn void pocl_ventus_run(void *, _cl_command_node *) at line 722:
  |    VENTUS |  Preparing private memory of ventus:
to allocate at 0x90004000 with 16384 bytes 
[2023-09-29 07:15:35.520873335]POCL: in fn void pocl_ventus_run(void *, _cl_command_node *) at line 757:
  |    VENTUS |  Allocating metadata space:
Warning: the memory at  [0x90008000, 0x9000803F] has been realigned
to the 4 KiB page size: [0x90008000, 0x90008FFF]
to allocate at 0x90008000 with 4096 bytes 
to copy to 0x90008000 with 64 bytes
[2023-09-29 07:15:35.520900308]POCL: in fn void pocl_ventus_run(void *, _cl_command_node *) at line 767:
  |    VENTUS |  kernel metadata has been written to 0x90008000
arg gpgpu is numw:1,numt:4,numwg:1,kernelx:1,kernely:1,kernelz:1,ldssize:0x1000,pdssize:0x4000,pdsbase:0x90004000,knlbase:0x90008000
vaddr mem scope is -m0x70000000:0x90009000
src file is object.riscv, run log is written to object.riscv.log
spike -l --log-commits -p1 --isa rv32gcv_zfh --pc=0x80000000 -m0x70000000:0x90009000 --varch vlen:128,elen:32 --gpgpuarch numw:1,numt:4,numwg:1,kernelx:1,kernely:1,kernelz:1,ldssize:0x1000,pdssize:0x4000,pdsbase:0x90004000,knlbase:0x90008000 --log=object.riscv.log object.riscv 
warp number: 1 thread number = 4  workgroup number = 1 workgroup dimension:1*1*1 lds size: 1000 pds size: 4000 lds base: 70000000 pds base: 90004000 knl base: 90008000
all warps reach the endprg. now proc 0 will end the simulation.
Log file object.riscv.log renamed successfully to Fan1_0.log.
notice that ventus hasn't support local buffer as argument yet.
[2023-09-29 07:15:35.94476926166974]POCL: in fn void pocl_ventus_run(void *, _cl_command_node *) at line 603:
  |    VENTUS |  Allocating kernel arg buffer entry:
Warning: the memory at  [0x90009000, 0x90009013] has been realigned
to the 4 KiB page size: [0x90009000, 0x90009FFF]
to allocate at 0x90009000 with 4096 bytes 
to copy to 0x90009000 with 20 bytes
[2023-09-29 07:15:35.139939171325252]POCL: in fn void pocl_ventus_run(void *, _cl_command_node *) at line 656:
  |    VENTUS |  Kernel entry of "Fan2" is : "0x80000158"
[2023-09-29 07:15:36.186376161]POCL: in fn void pocl_ventus_run(void *, _cl_command_node *) at line 679:
  |    VENTUS |  Vmem file has been written to object.vmem
[2023-09-29 07:15:36.186541533]POCL: in fn void pocl_ventus_run(void *, _cl_command_node *) at line 722:
  |    VENTUS |  Preparing private memory of ventus:
to allocate at 0x9000a000 with 65536 bytes 
[2023-09-29 07:15:36.186554223]POCL: in fn void pocl_ventus_run(void *, _cl_command_node *) at line 757:
  |    VENTUS |  Allocating metadata space:
Warning: the memory at  [0x9001A000, 0x9001A03F] has been realigned
to the 4 KiB page size: [0x9001A000, 0x9001AFFF]
to allocate at 0x9001a000 with 4096 bytes 
to copy to 0x9001a000 with 64 bytes
[2023-09-29 07:15:36.186577347]POCL: in fn void pocl_ventus_run(void *, _cl_command_node *) at line 767:
  |    VENTUS |  kernel metadata has been written to 0x9001a000
arg gpgpu is numw:4,numt:4,numwg:1,kernelx:1,kernely:1,kernelz:1,ldssize:0x1000,pdssize:0x4000,pdsbase:0x9000a000,knlbase:0x9001a000
vaddr mem scope is -m0x70000000:0x9001b000
src file is object.riscv, run log is written to object.riscv.log
spike -l --log-commits -p4 --isa rv32gcv_zfh --pc=0x80000000 -m0x70000000:0x9001b000 --varch vlen:128,elen:32 --gpgpuarch numw:4,numt:4,numwg:1,kernelx:1,kernely:1,kernelz:1,ldssize:0x1000,pdssize:0x4000,pdsbase:0x9000a000,knlbase:0x9001a000 --log=object.riscv.log object.riscv 
warp number: 4 thread number = 4  workgroup number = 1 workgroup dimension:1*1*1 lds size: 1000 pds size: 4000 lds base: 70000000 pds base: 9000a000 knl base: 9001a000
all warps reach the endprg. now proc 0 will end the simulation.
Log file object.riscv.log renamed successfully to Fan2_0.log.
notice that ventus hasn't support local buffer as argument yet.
[2023-09-29 07:15:36.94476596237534]POCL: in fn void pocl_ventus_run(void *, _cl_command_node *) at line 603:
  |    VENTUS |  Allocating kernel arg buffer entry:
Warning: the memory at  [0x9001B000, 0x9001B013] has been realigned
to the 4 KiB page size: [0x9001B000, 0x9001BFFF]
to allocate at 0x9001b000 with 4096 bytes 
to copy to 0x9001b000 with 20 bytes
[2023-09-29 07:15:36.139938861280647]POCL: in fn void pocl_ventus_run(void *, _cl_command_node *) at line 656:
  |    VENTUS |  Kernel entry of "Fan1" is : "0x800000a8"
[2023-09-29 07:15:36.858974333]POCL: in fn void pocl_ventus_run(void *, _cl_command_node *) at line 679:
  |    VENTUS |  Vmem file has been written to object.vmem
[2023-09-29 07:15:36.859137067]POCL: in fn void pocl_ventus_run(void *, _cl_command_node *) at line 722:
  |    VENTUS |  Preparing private memory of ventus:
to allocate at 0x9001c000 with 16384 bytes 
[2023-09-29 07:15:36.859153588]POCL: in fn void pocl_ventus_run(void *, _cl_command_node *) at line 757:
  |    VENTUS |  Allocating metadata space:
Warning: the memory at  [0x90020000, 0x9002003F] has been realigned
to the 4 KiB page size: [0x90020000, 0x90020FFF]
to allocate at 0x90020000 with 4096 bytes 
to copy to 0x90020000 with 64 bytes
[2023-09-29 07:15:36.859177982]POCL: in fn void pocl_ventus_run(void *, _cl_command_node *) at line 767:
  |    VENTUS |  kernel metadata has been written to 0x90020000
arg gpgpu is numw:1,numt:4,numwg:1,kernelx:1,kernely:1,kernelz:1,ldssize:0x1000,pdssize:0x4000,pdsbase:0x9001c000,knlbase:0x90020000
vaddr mem scope is -m0x70000000:0x90021000
src file is object.riscv, run log is written to object.riscv.log
spike -l --log-commits -p1 --isa rv32gcv_zfh --pc=0x80000000 -m0x70000000:0x90021000 --varch vlen:128,elen:32 --gpgpuarch numw:1,numt:4,numwg:1,kernelx:1,kernely:1,kernelz:1,ldssize:0x1000,pdssize:0x4000,pdsbase:0x9001c000,knlbase:0x90020000 --log=object.riscv.log object.riscv 
warp number: 1 thread number = 4  workgroup number = 1 workgroup dimension:1*1*1 lds size: 1000 pds size: 4000 lds base: 70000000 pds base: 9001c000 knl base: 90020000
all warps reach the endprg. now proc 0 will end the simulation.
Log file object.riscv.log renamed successfully to Fan1_1.log.
notice that ventus hasn't support local buffer as argument yet.
[2023-09-29 07:15:36.94477262880290]POCL: in fn void pocl_ventus_run(void *, _cl_command_node *) at line 603:
  |    VENTUS |  Allocating kernel arg buffer entry:
Warning: the memory at  [0x90021000, 0x90021013] has been realigned
to the 4 KiB page size: [0x90021000, 0x90021FFF]
to allocate at 0x90021000 with 4096 bytes 
to copy to 0x90021000 with 20 bytes
[2023-09-29 07:15:36.139939507725892]POCL: in fn void pocl_ventus_run(void *, _cl_command_node *) at line 656:
  |    VENTUS |  Kernel entry of "Fan2" is : "0x80000158"
[2023-09-29 07:15:37.536435168]POCL: in fn void pocl_ventus_run(void *, _cl_command_node *) at line 679:
  |    VENTUS |  Vmem file has been written to object.vmem
[2023-09-29 07:15:37.536610761]POCL: in fn void pocl_ventus_run(void *, _cl_command_node *) at line 722:
  |    VENTUS |  Preparing private memory of ventus:
to allocate at 0x90022000 with 65536 bytes 
[2023-09-29 07:15:37.536625404]POCL: in fn void pocl_ventus_run(void *, _cl_command_node *) at line 757:
  |    VENTUS |  Allocating metadata space:
Warning: the memory at  [0x90032000, 0x9003203F] has been realigned
to the 4 KiB page size: [0x90032000, 0x90032FFF]
to allocate at 0x90032000 with 4096 bytes 
to copy to 0x90032000 with 64 bytes
[2023-09-29 07:15:37.536665053]POCL: in fn void pocl_ventus_run(void *, _cl_command_node *) at line 767:
  |    VENTUS |  kernel metadata has been written to 0x90032000
arg gpgpu is numw:4,numt:4,numwg:1,kernelx:1,kernely:1,kernelz:1,ldssize:0x1000,pdssize:0x4000,pdsbase:0x90022000,knlbase:0x90032000
vaddr mem scope is -m0x70000000:0x90033000
src file is object.riscv, run log is written to object.riscv.log
spike -l --log-commits -p4 --isa rv32gcv_zfh --pc=0x80000000 -m0x70000000:0x90033000 --varch vlen:128,elen:32 --gpgpuarch numw:4,numt:4,numwg:1,kernelx:1,kernely:1,kernelz:1,ldssize:0x1000,pdssize:0x4000,pdsbase:0x90022000,knlbase:0x90032000 --log=object.riscv.log object.riscv 
warp number: 4 thread number = 4  workgroup number = 1 workgroup dimension:1*1*1 lds size: 1000 pds size: 4000 lds base: 70000000 pds base: 90022000 knl base: 90032000
all warps reach the endprg. now proc 0 will end the simulation.
Log file object.riscv.log renamed successfully to Fan2_1.log.
notice that ventus hasn't support local buffer as argument yet.
[2023-09-29 07:15:37.94476947644501]POCL: in fn void pocl_ventus_run(void *, _cl_command_node *) at line 603:
  |    VENTUS |  Allocating kernel arg buffer entry:
Warning: the memory at  [0x90033000, 0x90033013] has been realigned
to the 4 KiB page size: [0x90033000, 0x90033FFF]
to allocate at 0x90033000 with 4096 bytes 
to copy to 0x90033000 with 20 bytes
[2023-09-29 07:15:37.139939193942640]POCL: in fn void pocl_ventus_run(void *, _cl_command_node *) at line 656:
  |    VENTUS |  Kernel entry of "Fan1" is : "0x800000a8"
[2023-09-29 07:15:38.215263680]POCL: in fn void pocl_ventus_run(void *, _cl_command_node *) at line 679:
  |    VENTUS |  Vmem file has been written to object.vmem
[2023-09-29 07:15:38.215433434]POCL: in fn void pocl_ventus_run(void *, _cl_command_node *) at line 722:
  |    VENTUS |  Preparing private memory of ventus:
to allocate at 0x90034000 with 16384 bytes 
[2023-09-29 07:15:38.215449072]POCL: in fn void pocl_ventus_run(void *, _cl_command_node *) at line 757:
  |    VENTUS |  Allocating metadata space:
Warning: the memory at  [0x90038000, 0x9003803F] has been realigned
to the 4 KiB page size: [0x90038000, 0x90038FFF]
to allocate at 0x90038000 with 4096 bytes 
to copy to 0x90038000 with 64 bytes
[2023-09-29 07:15:38.215478092]POCL: in fn void pocl_ventus_run(void *, _cl_command_node *) at line 767:
  |    VENTUS |  kernel metadata has been written to 0x90038000
arg gpgpu is numw:1,numt:4,numwg:1,kernelx:1,kernely:1,kernelz:1,ldssize:0x1000,pdssize:0x4000,pdsbase:0x90034000,knlbase:0x90038000
vaddr mem scope is -m0x70000000:0x90039000
src file is object.riscv, run log is written to object.riscv.log
spike -l --log-commits -p1 --isa rv32gcv_zfh --pc=0x80000000 -m0x70000000:0x90039000 --varch vlen:128,elen:32 --gpgpuarch numw:1,numt:4,numwg:1,kernelx:1,kernely:1,kernelz:1,ldssize:0x1000,pdssize:0x4000,pdsbase:0x90034000,knlbase:0x90038000 --log=object.riscv.log object.riscv 
warp number: 1 thread number = 4  workgroup number = 1 workgroup dimension:1*1*1 lds size: 1000 pds size: 4000 lds base: 70000000 pds base: 90034000 knl base: 90038000
all warps reach the endprg. now proc 0 will end the simulation.
Log file object.riscv.log renamed successfully to Fan1_2.log.
notice that ventus hasn't support local buffer as argument yet.
[2023-09-29 07:15:38.94476620711140]POCL: in fn void pocl_ventus_run(void *, _cl_command_node *) at line 603:
  |    VENTUS |  Allocating kernel arg buffer entry:
Warning: the memory at  [0x90039000, 0x90039013] has been realigned
to the 4 KiB page size: [0x90039000, 0x90039FFF]
to allocate at 0x90039000 with 4096 bytes 
to copy to 0x90039000 with 20 bytes
[2023-09-29 07:15:38.139938869411264]POCL: in fn void pocl_ventus_run(void *, _cl_command_node *) at line 656:
  |    VENTUS |  Kernel entry of "Fan2" is : "0x80000158"
[2023-09-29 07:15:38.912549466]POCL: in fn void pocl_ventus_run(void *, _cl_command_node *) at line 679:
  |    VENTUS |  Vmem file has been written to object.vmem
[2023-09-29 07:15:38.912714362]POCL: in fn void pocl_ventus_run(void *, _cl_command_node *) at line 722:
  |    VENTUS |  Preparing private memory of ventus:
to allocate at 0x9003a000 with 65536 bytes 
[2023-09-29 07:15:38.912728304]POCL: in fn void pocl_ventus_run(void *, _cl_command_node *) at line 757:
  |    VENTUS |  Allocating metadata space:
Warning: the memory at  [0x9004A000, 0x9004A03F] has been realigned
to the 4 KiB page size: [0x9004A000, 0x9004AFFF]
to allocate at 0x9004a000 with 4096 bytes 
to copy to 0x9004a000 with 64 bytes
[2023-09-29 07:15:38.912764122]POCL: in fn void pocl_ventus_run(void *, _cl_command_node *) at line 767:
  |    VENTUS |  kernel metadata has been written to 0x9004a000
arg gpgpu is numw:4,numt:4,numwg:1,kernelx:1,kernely:1,kernelz:1,ldssize:0x1000,pdssize:0x4000,pdsbase:0x9003a000,knlbase:0x9004a000
vaddr mem scope is -m0x70000000:0x9004b000
src file is object.riscv, run log is written to object.riscv.log
spike -l --log-commits -p4 --isa rv32gcv_zfh --pc=0x80000000 -m0x70000000:0x9004b000 --varch vlen:128,elen:32 --gpgpuarch numw:4,numt:4,numwg:1,kernelx:1,kernely:1,kernelz:1,ldssize:0x1000,pdssize:0x4000,pdsbase:0x9003a000,knlbase:0x9004a000 --log=object.riscv.log object.riscv 
warp number: 4 thread number = 4  workgroup number = 1 workgroup dimension:1*1*1 lds size: 1000 pds size: 4000 lds base: 70000000 pds base: 9003a000 knl base: 9004a000
all warps reach the endprg. now proc 0 will end the simulation.
Log file object.riscv.log renamed successfully to Fan2_2.log.
to copy from 0x90000000 with 64 bytes
to copy from 0x90001000 with 16 bytes
to copy from 0x90002000 with 64 bytes
Matrix Size     Write(s) [size]         Kernel(s)       Read(s)  [size]         Total(s)
4x4             0.056010 [0.00MB]       4106.980957     0.032930 [0.00MB]       4107.069824

The result of matrix m is: 
0.00e+00 0.00e+00 0.00e+00 0.00e+00 
5.00e-01 0.00e+00 0.00e+00 0.00e+00 
6.67e-01 2.56e-01 0.00e+00 0.00e+00 
-0.00e+00 1.54e-01 -2.76e-01 0.00e+00 

The result of matrix a is: 
-6.00e-01 -5.00e-01 7.00e-01 3.00e-01 
0.00e+00 -6.50e-01 -5.00e-02 5.50e-01 
-1.39e-08 2.83e-09 -7.54e-01 -1.14e+00 
0.00e+00 -1.43e-09 7.65e-09 5.01e-01 

The result of array b is: 
-8.50e-01 -2.55e-01 8.72e-01 -2.51e-01 

The final solution is: 
7.00e-01 2.01e-08 -4.00e-01 -5.00e-01 

Init: 38.974998
MemAlloc: 0.007000
HtoD: 0.056010
Exec: 4106.980957
DtoH: 0.032930
Close: 0.073000
Total: 4582.608887

Process finished with exit code 0


 