core   0: 0x00001000 (0x00000297) auipc   x5, 0x0
core   0: 3 0x00001000 (0x00000297) x5  0x00001000
core   0: 0x00001004 (0x02028593) addi    x11, x5, 32
core   0: 3 0x00001004 (0x02028593) x11 0x00001020
core   0: 0x00001008 (0xf1402573) csrr    x10, mhartid
core   0: 3 0x00001008 (0xf1402573) x10 0x00000000
core   0: 0x0000100c (0x0182a283) lw      x5, 24(x5)
core   0: 3 0x0000100c (0x0182a283) x5  0x80000000 mem 0x00001018
core   0: 0x00001010 (0x00028067) jr      x5
core   0: 3 0x00001010 (0x00028067)
core   0: 0x80000000 (0x00004197) auipc   x3, 0x4
core   0: 3 0x80000000 (0x00004197) x3  0x80004000
core   0: 0x80000004 (0x80818193) addi    x3, x3, -2040
core   0: 3 0x80000004 (0x80818193) x3  0x80003808
core   0: 0x80000008 (0x02000e93) li      x29, 32
core   0: 3 0x80000008 (0x02000e93) x29 0x00000020
core   0: 0x8000000c (0x0d0efed7) vsetvli x29, x29, e32, m1, ta, ma
core   0: 3 0x8000000c (0x0d0efed7) x29 0x00000020 c8_vstart 0x00000000 c3104_vl 0x00000020 c3105_vtype 0x000000d0 c768_mstatus 0x80000600
core   0: 0x80000010 (0x00002eb7) lui     x29, 0x2
core   0: 3 0x80000010 (0x00002eb7) x29 0x00002000
core   0: 0x80000014 (0x300eaef3) csrrs   x29, mstatus, x29
core   0: 3 0x80000014 (0x300eaef3) x29 0x80000600 c768_mstatus 0x80006600
core   0: 0x80000018 (0x00000e93) li      x29, 0
core   0: 3 0x80000018 (0x00000e93) x29 0x00000000
core   0: 0x8000001c (0x80502373) csrr    x6, wid
core   0: 3 0x8000001c (0x80502373) x6  0x00000000
core   0: 0x80000020 (0x806023f3) csrr    x7, lds
core   0: 3 0x80000020 (0x806023f3) x7  0x70000000
core   0: 0x80000024 (0x40000e13) li      x28, 1024
core   0: 3 0x80000024 (0x40000e13) x28 0x00000400
core   0: 0x80000028 (0x03c30333) mul     x6, x6, x28
core   0: 3 0x80000028 (0x03c30333) x6  0x00000000
core   0: 0x8000002c (0x00730133) add     x2, x6, x7
core   0: 3 0x8000002c (0x00730133) x2  0x70000000
core   0: 0x80000030 (0x00000213) li      x4, 0
core   0: 3 0x80000030 (0x00000213) x4  0x00000000
core   0: 0x80000034 (0x00003517) auipc   x10, 0x3
core   0: 3 0x80000034 (0x00003517) x10 0x80003034
core   0: 0x80000038 (0xfd450513) addi    x10, x10, -44
core   0: 3 0x80000038 (0xfd450513) x10 0x80003008
core   0: 0x8000003c (0x00003617) auipc   x12, 0x3
core   0: 3 0x8000003c (0x00003617) x12 0x8000303c
core   0: 0x80000040 (0xfcc60613) addi    x12, x12, -52
core   0: 3 0x80000040 (0xfcc60613) x12 0x80003008
core   0: 0x80000044 (0x00c50863) beq     x10, x12, pc + 16
core   0: 3 0x80000044 (0x00c50863)
core   0: 0x80000054 (0x803022f3) csrr    x5, knl
core   0: 3 0x80000054 (0x803022f3) x5  0x90024000
core   0: 0x80000058 (0x0002a303) lw      x6, 0(x5)
core   0: 3 0x80000058 (0x0002a303) x6  0x800000a8 mem 0x90024000
core   0: 0x8000005c (0x0042a503) lw      x10, 4(x5)
core   0: 3 0x8000005c (0x0042a503) x10 0x90003000 mem 0x90024004
core   0: 0x80000060 (0x0302a383) lw      x7, 48(x5)
core   0: 3 0x80000060 (0x0302a383) x7  0x00000000 mem 0x90024030
core   0: 0x80000064 (0x0342ae03) lw      x28, 52(x5)
core   0: 3 0x80000064 (0x0342ae03) x28 0x00000000 mem 0x90024034
core   0: 0x80000068 (0x00003e97) auipc   x29, 0x3
core   0: 3 0x80000068 (0x00003e97) x29 0x80003068
core   0: 0x8000006c (0xf98e8e93) addi    x29, x29, -104
core   0: 3 0x8000006c (0xf98e8e93) x29 0x80003000
core   0: 0x80000070 (0x00003f17) auipc   x30, 0x3
core   0: 3 0x80000070 (0x00003f17) x30 0x80003070
core   0: 0x80000074 (0xf94f0f13) addi    x30, x30, -108
core   0: 3 0x80000074 (0xf94f0f13) x30 0x80003004
core   0: 0x80000078 (0x007ea023) sw      x7, 0(x29)
core   0: 3 0x80000078 (0x007ea023) mem 0x80003000 0x00000000
core   0: 0x8000007c (0x01cf2023) sw      x28, 0(x30)
core   0: 3 0x8000007c (0x01cf2023) mem 0x80003004 0x00000000
core   0: 0x80000080 (0x00000f97) auipc   x31, 0x0
core   0: 3 0x80000080 (0x00000f97) x31 0x80000080
core   0: 0x80000084 (0x018f8f93) addi    x31, x31, 24
core   0: 3 0x80000084 (0x018f8f93) x31 0x80000098
core   0: 0x80000088 (0x305f9073) csrw    mtvec, x31
core   0: 3 0x80000088 (0x305f9073) c773_mtvec 0x80000098
core   0: 0x8000008c (0x000300e7) jalr    x6
core   0: 3 0x8000008c (0x000300e7) x1  0x80000090
core   0: 0x800000a8 (0x01010113) addi    x2, x2, 16
core   0: 3 0x800000a8 (0x01010113) x2  0x70000010
core   0: 0x800000ac (0x00820213) addi    x4, x4, 8
core   0: 3 0x800000ac (0x00820213) x4  0x00000008
core   0: 0x800000b0 (0x0010200b) regext  x0, x0,  0 0 0 1 
core   0: 3 0x800000b0 (0x0010200b)
core   0: 0x800000b4 (0x5e024057) vmv.v.x v0, x4
core   0: 3 0x800000b4 (0x5e024057) c8_vstart 0x00000000 e32 m1 l32 v32 0x0000000800000008000000080000000800000008000000080000000800000008000000080000000800000008000000080000000800000008000000080000000800000008000000080000000800000008000000080000000800000008000000080000000800000008000000080000000800000008000000080000000800000008
core   0: 0x800000b8 (0xfe112823) sw      x1, -16(x2)
core   0: 3 0x800000b8 (0xfe112823) mem 0x70000000 0x80000090
core   0: 0x800000bc (0x00852283) lw      x5, 8(x10)
core   0: 3 0x800000bc (0x00852283) x5  0x90002000 mem 0x90003008
core   0: 0x800000c0 (0xfe512a23) sw      x5, -12(x2)
core   0: 3 0x800000c0 (0xfe512a23) mem 0x70000004 0x90002000
core   0: 0x800000c4 (0x00452283) lw      x5, 4(x10)
core   0: 3 0x800000c4 (0x00452283) x5  0x90001000 mem 0x90003004
core   0: 0x800000c8 (0xfe512c23) sw      x5, -8(x2)
core   0: 3 0x800000c8 (0xfe512c23) mem 0x70000008 0x90001000
core   0: 0x800000cc (0x00052283) lw      x5, 0(x10)
core   0: 3 0x800000cc (0x00052283) x5  0x90000000 mem 0x90003000
core   0: 0x800000d0 (0xfe512e23) sw      x5, -4(x2)
core   0: 3 0x800000d0 (0xfe512e23) mem 0x7000000c 0x90000000
core   0: 0x800000d4 (0x5e004057) vmv.v.x v0, x0
core   0: 3 0x800000d4 (0x5e004057) c8_vstart 0x00000000 e32 m1 l32 v0  0x0000000000000000000000000000000000000000000000000000000000000000000000000000000000000000000000000000000000000000000000000000000000000000000000000000000000000000000000000000000000000000000000000000000000000000000000000000000000000000000000000000000000000000
core   0: 0x800000d8 (0x0e4000ef) jal     pc + 0xe4
core   0: 3 0x800000d8 (0x0e4000ef) x1  0x800000dc
core   0: 0x800001bc (0x00410113) addi    x2, x2, 4
core   0: 3 0x800001bc (0x00410113) x2  0x70000014
core   0: 0x800001c0 (0xfe112e23) sw      x1, -4(x2)
core   0: 3 0x800001c0 (0xfe112e23) mem 0x70000010 0x800000dc
core   0: 0x800001c4 (0x00200293) li      x5, 2
core   0: 3 0x800001c4 (0x00200293) x5  0x00000002
core   0: 0x800001c8 (0x5e02c0d7) vmv.v.x v1, x5
core   0: 3 0x800001c8 (0x5e02c0d7) c8_vstart 0x00000000 e32 m1 l32 v1  0x0000000200000002000000020000000200000002000000020000000200000002000000020000000200000002000000020000000200000002000000020000000200000002000000020000000200000002000000020000000200000002000000020000000200000002000000020000000200000002000000020000000200000002
core   0: 0x800001cc (0x00000317) auipc   x6, 0x0
core   0: 3 0x800001cc (0x00000317) x6  0x800001cc
core   0: 0x800001d0 (0x04c3305b) setrpc  x0, x6, 76
core   0: 3 0x800001d0 (0x04c3305b) c2060_rpc 0x80000218
current mask:	ffffffff
current npc:	00000000
stack size: 0

core   0: 0x800001d4 (0x0200885b) vbeq    v0, v1, pc + 48
core   0: 3 0x800001d4 (0x0200885b) c8_vstart 0x00000000 e32 m1 l32
current mask:	ffffffff
current npc:	800001d8
stack size: 0

core   0: 0x800001d8 (0x00100293) li      x5, 1
core   0: 3 0x800001d8 (0x00100293) x5  0x00000001
core   0: 0x800001dc (0x5e02c0d7) vmv.v.x v1, x5
core   0: 3 0x800001dc (0x5e02c0d7) c8_vstart 0x00000000 e32 m1 l32 v1  0x0000000100000001000000010000000100000001000000010000000100000001000000010000000100000001000000010000000100000001000000010000000100000001000000010000000100000001000000010000000100000001000000010000000100000001000000010000000100000001000000010000000100000001
core   0: 0x800001e0 (0x00000317) auipc   x6, 0x0
core   0: 3 0x800001e0 (0x00000317) x6  0x800001e0
core   0: 0x800001e4 (0x0383305b) setrpc  x0, x6, 56
core   0: 3 0x800001e4 (0x0383305b) c2060_rpc 0x80000218
current mask:	ffffffff
current npc:	800001d8
stack size: 0

core   0: 0x800001e8 (0x0200825b) vbeq    v0, v1, pc + 36
core   0: 3 0x800001e8 (0x0200825b) c8_vstart 0x00000000 e32 m1 l32
current mask:	ffffffff
current npc:	800001ec
stack size: 0

core   0: 0x800001ec (0x5e0040d7) vmv.v.x v1, x0
core   0: 3 0x800001ec (0x5e0040d7) c8_vstart 0x00000000 e32 m1 l32 v1  0x0000000000000000000000000000000000000000000000000000000000000000000000000000000000000000000000000000000000000000000000000000000000000000000000000000000000000000000000000000000000000000000000000000000000000000000000000000000000000000000000000000000000000000
core   0: 0x800001f0 (0x00000317) auipc   x6, 0x0
core   0: 3 0x800001f0 (0x00000317) x6  0x800001f0
core   0: 0x800001f4 (0x0283305b) setrpc  x0, x6, 40
core   0: 3 0x800001f4 (0x0283305b) c2060_rpc 0x80000218
current mask:	ffffffff
current npc:	800001ec
stack size: 0

core   0: 0x800001f8 (0x00009e5b) vbne    v0, v1, pc + 28
core   0: 3 0x800001f8 (0x00009e5b) c8_vstart 0x00000000 e32 m1 l32
current mask:	ffffffff
current npc:	800001fc
stack size: 0

core   0: 0x800001fc (0x168000ef) jal     pc + 0x168
core   0: 3 0x800001fc (0x168000ef) x1  0x80000200
core   0: 0x80000364 (0x00410113) addi    x2, x2, 4
core   0: 3 0x80000364 (0x00410113) x2  0x70000018
core   0: 0x80000368 (0xfe112e23) sw      x1, -4(x2)
core   0: 3 0x80000368 (0xfe112e23) mem 0x70000014 0x80000200
core   0: 0x8000036c (0xf71ff0ef) jal     pc - 0x90
core   0: 3 0x8000036c (0xf71ff0ef) x1  0x80000370
core   0: 0x800002dc (0x80302573) csrr    x10, knl
core   0: 3 0x800002dc (0x80302573) x10 0x90024000
core   0: 0x800002e0 (0x00852283) lw      x5, 8(x10)
core   0: 3 0x800002e0 (0x00852283) x5  0x00000002 mem 0x90024008
core   0: 0x800002e4 (0x80002373) csrr    x6, tid
core   0: 3 0x800002e4 (0x80002373) x6  0x00000000
core   0: 0x800002e8 (0x5208a157) vid.v   v2
core   0: 3 0x800002e8 (0x5208a157) c8_vstart 0x00000000 e32 m1 l32 v2  0x0000001f0000001e0000001d0000001c0000001b0000001a000000190000001800000017000000160000001500000014000000130000001200000011000000100000000f0000000e0000000d0000000c0000000b0000000a00000009000000080000000700000006000000050000000400000003000000020000000100000000
core   0: 0x800002ec (0x02234057) vadd.vx v0, v2, x6
core   0: 3 0x800002ec (0x02234057) c8_vstart 0x00000000 e32 m1 l32 v0  0x0000001f0000001e0000001d0000001c0000001b0000001a000000190000001800000017000000160000001500000014000000130000001200000011000000100000000f0000000e0000000d0000000c0000000b0000000a00000009000000080000000700000006000000050000000400000003000000020000000100000000
core   0: 0x800002f0 (0x00100393) li      x7, 1
core   0: 3 0x800002f0 (0x00100393) x7  0x00000001
core   0: 0x800002f4 (0x00728663) beq     x5, x7, pc + 12
core   0: 3 0x800002f4 (0x00728663)
core   0: 0x800002f8 (0x01852e03) lw      x28, 24(x10)
core   0: 3 0x800002f8 (0x01852e03) x28 0x00000004 mem 0x90024018
core   0: 0x800002fc (0x8a0e6057) vremu.vx v0, v0, x28
core   0: 3 0x800002fc (0x8a0e6057) c8_vstart 0x00000000 e32 m1 l32 v0  0x0000000300000002000000010000000000000003000000020000000100000000000000030000000200000001000000000000000300000002000000010000000000000003000000020000000100000000000000030000000200000001000000000000000300000002000000010000000000000003000000020000000100000000
core   0: 0x80000300 (0x00008067) ret
core   0: 3 0x80000300 (0x00008067)
core   0: 0x80000370 (0x80302573) csrr    x10, knl
core   0: 3 0x80000370 (0x80302573) x10 0x90024000
core   0: 0x80000374 (0x80802373) csrr    x6, gidx
core   0: 3 0x80000374 (0x80802373) x6  0x00000000
core   0: 0x80000378 (0x01852e03) lw      x28, 24(x10)
core   0: 3 0x80000378 (0x01852e03) x28 0x00000004 mem 0x90024018
core   0: 0x8000037c (0x03c30fb3) mul     x31, x6, x28
core   0: 3 0x8000037c (0x03c30fb3) x31 0x00000000
core   0: 0x80000380 (0x020fc057) vadd.vx v0, v0, x31
core   0: 3 0x80000380 (0x020fc057) c8_vstart 0x00000000 e32 m1 l32 v0  0x0000000300000002000000010000000000000003000000020000000100000000000000030000000200000001000000000000000300000002000000010000000000000003000000020000000100000000000000030000000200000001000000000000000300000002000000010000000000000003000000020000000100000000
core   0: 0x80000384 (0xffc12083) lw      x1, -4(x2)
core   0: 3 0x80000384 (0xffc12083) x1  0x80000200 mem 0x70000014
core   0: 0x80000388 (0x0400c00b) barrier x0, x0, 1
core   0: 3 0x80000388 (0x0400c00b)
core   0: 0x8000038c (0xffc10113) addi    x2, x2, -4
core   0: 3 0x8000038c (0xffc10113) x2  0x70000014
core   0: 0x80000390 (0x00008067) ret
core   0: 3 0x80000390 (0x00008067)
core   0: 0x80000200 (0x0180006f) j       pc + 0x18
core   0: 3 0x80000200 (0x0180006f)
core   0: 0x80000218 (0x0000205b) join    v0, v0, pc + 0
core   0: 3 0x80000218 (0x0000205b)
current mask:	ffffffff
current npc:	800001fc
stack size: 0

core   0: 0x8000021c (0xffc12083) lw      x1, -4(x2)
core   0: 3 0x8000021c (0xffc12083) x1  0x800000dc mem 0x70000010
core   0: 0x80000220 (0x0400c00b) barrier x0, x0, 1
core   0: 3 0x80000220 (0x0400c00b)
core   0: 0x80000224 (0xffc10113) addi    x2, x2, -4
core   0: 3 0x80000224 (0xffc10113) x2  0x70000010
core   0: 0x80000228 (0x00008067) ret
core   0: 3 0x80000228 (0x00008067)
core   0: 0x800000dc (0x0010200b) regext  x0, x0,  0 0 0 1 
core   0: 3 0x800000dc (0x0010200b)
core   0: 0x800000e0 (0x020040d7) vadd.vx v1, v0, x0
core   0: 3 0x800000e0 (0x020040d7) c8_vstart 0x00000000 e32 m1 l32 v33 0x0000000300000002000000010000000000000003000000020000000100000000000000030000000200000001000000000000000300000002000000010000000000000003000000020000000100000000000000030000000200000001000000000000000300000002000000010000000000000003000000020000000100000000
core   0: 0x800000e4 (0x00100293) li      x5, 1
core   0: 3 0x800000e4 (0x00100293) x5  0x00000001
core   0: 0x800000e8 (0x5e02c057) vmv.v.x v0, x5
core   0: 3 0x800000e8 (0x5e02c057) c8_vstart 0x00000000 e32 m1 l32 v0  0x0000000100000001000000010000000100000001000000010000000100000001000000010000000100000001000000010000000100000001000000010000000100000001000000010000000100000001000000010000000100000001000000010000000100000001000000010000000100000001000000010000000100000001
core   0: 0x800000ec (0x0d0000ef) jal     pc + 0xd0
core   0: 3 0x800000ec (0x0d0000ef) x1  0x800000f0
core   0: 0x800001bc (0x00410113) addi    x2, x2, 4
core   0: 3 0x800001bc (0x00410113) x2  0x70000014
core   0: 0x800001c0 (0xfe112e23) sw      x1, -4(x2)
core   0: 3 0x800001c0 (0xfe112e23) mem 0x70000010 0x800000f0
core   0: 0x800001c4 (0x00200293) li      x5, 2
core   0: 3 0x800001c4 (0x00200293) x5  0x00000002
core   0: 0x800001c8 (0x5e02c0d7) vmv.v.x v1, x5
core   0: 3 0x800001c8 (0x5e02c0d7) c8_vstart 0x00000000 e32 m1 l32 v1  0x0000000200000002000000020000000200000002000000020000000200000002000000020000000200000002000000020000000200000002000000020000000200000002000000020000000200000002000000020000000200000002000000020000000200000002000000020000000200000002000000020000000200000002
core   0: 0x800001cc (0x00000317) auipc   x6, 0x0
core   0: 3 0x800001cc (0x00000317) x6  0x800001cc
core   0: 0x800001d0 (0x04c3305b) setrpc  x0, x6, 76
core   0: 3 0x800001d0 (0x04c3305b) c2060_rpc 0x80000218
current mask:	ffffffff
current npc:	800001fc
stack size: 0

core   0: 0x800001d4 (0x0200885b) vbeq    v0, v1, pc + 48
core   0: 3 0x800001d4 (0x0200885b) c8_vstart 0x00000000 e32 m1 l32
current mask:	ffffffff
current npc:	800001d8
stack size: 0

core   0: 0x800001d8 (0x00100293) li      x5, 1
core   0: 3 0x800001d8 (0x00100293) x5  0x00000001
core   0: 0x800001dc (0x5e02c0d7) vmv.v.x v1, x5
core   0: 3 0x800001dc (0x5e02c0d7) c8_vstart 0x00000000 e32 m1 l32 v1  0x0000000100000001000000010000000100000001000000010000000100000001000000010000000100000001000000010000000100000001000000010000000100000001000000010000000100000001000000010000000100000001000000010000000100000001000000010000000100000001000000010000000100000001
core   0: 0x800001e0 (0x00000317) auipc   x6, 0x0
core   0: 3 0x800001e0 (0x00000317) x6  0x800001e0
core   0: 0x800001e4 (0x0383305b) setrpc  x0, x6, 56
core   0: 3 0x800001e4 (0x0383305b) c2060_rpc 0x80000218
current mask:	ffffffff
current npc:	800001d8
stack size: 0

core   0: 0x800001e8 (0x0200825b) vbeq    v0, v1, pc + 36
core   0: 3 0x800001e8 (0x0200825b) c8_vstart 0x00000000 e32 m1 l32
current mask:	ffffffff
current npc:	8000020c
stack size: 0

core   0: 0x8000020c (0x188000ef) jal     pc + 0x188
core   0: 3 0x8000020c (0x188000ef) x1  0x80000210
core   0: 0x80000394 (0x00410113) addi    x2, x2, 4
core   0: 3 0x80000394 (0x00410113) x2  0x70000018
core   0: 0x80000398 (0xfe112e23) sw      x1, -4(x2)
core   0: 3 0x80000398 (0xfe112e23) mem 0x70000014 0x80000210
core   0: 0x8000039c (0xf69ff0ef) jal     pc - 0x98
core   0: 3 0x8000039c (0xf69ff0ef) x1  0x800003a0
core   0: 0x80000304 (0x80302573) csrr    x10, knl
core   0: 3 0x80000304 (0x80302573) x10 0x90024000
core   0: 0x80000308 (0x00852283) lw      x5, 8(x10)
core   0: 3 0x80000308 (0x00852283) x5  0x00000002 mem 0x90024008
core   0: 0x8000030c (0x80002373) csrr    x6, tid
core   0: 3 0x8000030c (0x80002373) x6  0x00000000
core   0: 0x80000310 (0x5208a157) vid.v   v2
core   0: 3 0x80000310 (0x5208a157) c8_vstart 0x00000000 e32 m1 l32 v2  0x0000001f0000001e0000001d0000001c0000001b0000001a000000190000001800000017000000160000001500000014000000130000001200000011000000100000000f0000000e0000000d0000000c0000000b0000000a00000009000000080000000700000006000000050000000400000003000000020000000100000000
core   0: 0x80000314 (0x02234057) vadd.vx v0, v2, x6
core   0: 3 0x80000314 (0x02234057) c8_vstart 0x00000000 e32 m1 l32 v0  0x0000001f0000001e0000001d0000001c0000001b0000001a000000190000001800000017000000160000001500000014000000130000001200000011000000100000000f0000000e0000000d0000000c0000000b0000000a00000009000000080000000700000006000000050000000400000003000000020000000100000000
core   0: 0x80000318 (0x01852e03) lw      x28, 24(x10)
core   0: 3 0x80000318 (0x01852e03) x28 0x00000004 mem 0x90024018
core   0: 0x8000031c (0x00300393) li      x7, 3
core   0: 3 0x8000031c (0x00300393) x7  0x00000003
core   0: 0x80000320 (0x00728663) beq     x5, x7, pc + 12
core   0: 3 0x80000320 (0x00728663)
core   0: 0x80000324 (0x820e6057) vdivu.vx v0, v0, x28
core   0: 3 0x80000324 (0x820e6057) c8_vstart 0x00000000 e32 m1 l32 v0  0x0000000700000007000000070000000700000006000000060000000600000006000000050000000500000005000000050000000400000004000000040000000400000003000000030000000300000003000000020000000200000002000000020000000100000001000000010000000100000000000000000000000000000000
core   0: 0x80000328 (0x00008067) ret
core   0: 3 0x80000328 (0x00008067)
core   0: 0x800003a0 (0x80902373) csrr    x6, gidy
core   0: 3 0x800003a0 (0x80902373) x6  0x00000000
core   0: 0x800003a4 (0x01c52383) lw      x7, 28(x10)
core   0: 3 0x800003a4 (0x01c52383) x7  0x00000004 mem 0x9002401c
core   0: 0x800003a8 (0x02730e33) mul     x28, x6, x7
core   0: 3 0x800003a8 (0x02730e33) x28 0x00000000
core   0: 0x800003ac (0x020e4057) vadd.vx v0, v0, x28
core   0: 3 0x800003ac (0x020e4057) c8_vstart 0x00000000 e32 m1 l32 v0  0x0000000700000007000000070000000700000006000000060000000600000006000000050000000500000005000000050000000400000004000000040000000400000003000000030000000300000003000000020000000200000002000000020000000100000001000000010000000100000000000000000000000000000000
core   0: 0x800003b0 (0xffc12083) lw      x1, -4(x2)
core   0: 3 0x800003b0 (0xffc12083) x1  0x80000210 mem 0x70000014
core   0: 0x800003b4 (0x0400c00b) barrier x0, x0, 1
core   0: 3 0x800003b4 (0x0400c00b)
core   0: 0x800003b8 (0xffc10113) addi    x2, x2, -4
core   0: 3 0x800003b8 (0xffc10113) x2  0x70000014
core   0: 0x800003bc (0x00008067) ret
core   0: 3 0x800003bc (0x00008067)
core   0: 0x80000210 (0x0080006f) j       pc + 0x8
core   0: 3 0x80000210 (0x0080006f)
core   0: 0x80000218 (0x0000205b) join    v0, v0, pc + 0
core   0: 3 0x80000218 (0x0000205b)
current mask:	ffffffff
current npc:	8000020c
stack size: 0

core   0: 0x8000021c (0xffc12083) lw      x1, -4(x2)
core   0: 3 0x8000021c (0xffc12083) x1  0x800000f0 mem 0x70000010
core   0: 0x80000220 (0x0400c00b) barrier x0, x0, 1
core   0: 3 0x80000220 (0x0400c00b)
core   0: 0x80000224 (0xffc10113) addi    x2, x2, -4
core   0: 3 0x80000224 (0xffc10113) x2  0x70000010
core   0: 0x80000228 (0x00008067) ret
core   0: 3 0x80000228 (0x00008067)
core   0: 0x800000f0 (0x0010200b) regext  x0, x0,  0 0 0 1 
core   0: 3 0x800000f0 (0x0010200b)
core   0: 0x800000f4 (0x02004157) vadd.vx v2, v0, x0
core   0: 3 0x800000f4 (0x02004157) c8_vstart 0x00000000 e32 m1 l32 v34 0x0000000700000007000000070000000700000006000000060000000600000006000000050000000500000005000000050000000400000004000000040000000400000003000000030000000300000003000000020000000200000002000000020000000100000001000000010000000100000000000000000000000000000000
core   0: 0x800000f8 (0x5e004057) vmv.v.x v0, x0
core   0: 3 0x800000f8 (0x5e004057) c8_vstart 0x00000000 e32 m1 l32 v0  0x0000000000000000000000000000000000000000000000000000000000000000000000000000000000000000000000000000000000000000000000000000000000000000000000000000000000000000000000000000000000000000000000000000000000000000000000000000000000000000000000000000000000000000
core   0: 0x800000fc (0x04c000ef) jal     pc + 0x4c
core   0: 3 0x800000fc (0x04c000ef) x1  0x80000100
core   0: 0x80000148 (0x00410113) addi    x2, x2, 4
core   0: 3 0x80000148 (0x00410113) x2  0x70000014
core   0: 0x8000014c (0xfe112e23) sw      x1, -4(x2)
core   0: 3 0x8000014c (0xfe112e23) mem 0x70000010 0x80000100
core   0: 0x80000150 (0x020040d7) vadd.vx v1, v0, x0
core   0: 3 0x80000150 (0x020040d7) c8_vstart 0x00000000 e32 m1 l32 v1  0x0000000000000000000000000000000000000000000000000000000000000000000000000000000000000000000000000000000000000000000000000000000000000000000000000000000000000000000000000000000000000000000000000000000000000000000000000000000000000000000000000000000000000000
core   0: 0x80000154 (0x00200293) li      x5, 2
core   0: 3 0x80000154 (0x00200293) x5  0x00000002
core   0: 0x80000158 (0x5e02c057) vmv.v.x v0, x5
core   0: 3 0x80000158 (0x5e02c057) c8_vstart 0x00000000 e32 m1 l32 v0  0x0000000200000002000000020000000200000002000000020000000200000002000000020000000200000002000000020000000200000002000000020000000200000002000000020000000200000002000000020000000200000002000000020000000200000002000000020000000200000002000000020000000200000002
core   0: 0x8000015c (0x00000317) auipc   x6, 0x0
core   0: 3 0x8000015c (0x00000317) x6  0x8000015c
core   0: 0x80000160 (0x04c3305b) setrpc  x0, x6, 76
core   0: 3 0x80000160 (0x04c3305b) c2060_rpc 0x800001a8
current mask:	ffffffff
current npc:	8000020c
stack size: 0

core   0: 0x80000164 (0x02100c5b) vbeq    v1, v0, pc + 56
core   0: 3 0x80000164 (0x02100c5b) c8_vstart 0x00000000 e32 m1 l32
current mask:	ffffffff
current npc:	80000168
stack size: 0

core   0: 0x80000168 (0x00100293) li      x5, 1
core   0: 3 0x80000168 (0x00100293) x5  0x00000001
core   0: 0x8000016c (0x5e02c057) vmv.v.x v0, x5
core   0: 3 0x8000016c (0x5e02c057) c8_vstart 0x00000000 e32 m1 l32 v0  0x0000000100000001000000010000000100000001000000010000000100000001000000010000000100000001000000010000000100000001000000010000000100000001000000010000000100000001000000010000000100000001000000010000000100000001000000010000000100000001000000010000000100000001
core   0: 0x80000170 (0x00000317) auipc   x6, 0x0
core   0: 3 0x80000170 (0x00000317) x6  0x80000170
core   0: 0x80000174 (0x0383305b) setrpc  x0, x6, 56
core   0: 3 0x80000174 (0x0383305b) c2060_rpc 0x800001a8
current mask:	ffffffff
current npc:	80000168
stack size: 0

core   0: 0x80000178 (0x0210065b) vbeq    v1, v0, pc + 44
core   0: 3 0x80000178 (0x0210065b) c8_vstart 0x00000000 e32 m1 l32
current mask:	ffffffff
current npc:	8000017c
stack size: 0

core   0: 0x8000017c (0x5e004157) vmv.v.x v2, x0
core   0: 3 0x8000017c (0x5e004157) c8_vstart 0x00000000 e32 m1 l32 v2  0x0000000000000000000000000000000000000000000000000000000000000000000000000000000000000000000000000000000000000000000000000000000000000000000000000000000000000000000000000000000000000000000000000000000000000000000000000000000000000000000000000000000000000000
core   0: 0x80000180 (0x00100293) li      x5, 1
core   0: 3 0x80000180 (0x00100293) x5  0x00000001
core   0: 0x80000184 (0x5e02c057) vmv.v.x v0, x5
core   0: 3 0x80000184 (0x5e02c057) c8_vstart 0x00000000 e32 m1 l32 v0  0x0000000100000001000000010000000100000001000000010000000100000001000000010000000100000001000000010000000100000001000000010000000100000001000000010000000100000001000000010000000100000001000000010000000100000001000000010000000100000001000000010000000100000001
core   0: 0x80000188 (0x00000317) auipc   x6, 0x0
core   0: 3 0x80000188 (0x00000317) x6  0x80000188
core   0: 0x8000018c (0x0203305b) setrpc  x0, x6, 32
core   0: 3 0x8000018c (0x0203305b) c2060_rpc 0x800001a8
current mask:	ffffffff
current npc:	8000017c
stack size: 0

core   0: 0x80000190 (0x00111c5b) vbne    v1, v2, pc + 24
core   0: 3 0x80000190 (0x00111c5b) c8_vstart 0x00000000 e32 m1 l32
current mask:	ffffffff
current npc:	80000194
stack size: 0

core   0: 0x80000194 (0x28c000ef) jal     pc + 0x28c
core   0: 3 0x80000194 (0x28c000ef) x1  0x80000198
core   0: 0x80000420 (0x80302573) csrr    x10, knl
core   0: 3 0x80000420 (0x80302573) x10 0x90024000
core   0: 0x80000424 (0x00c52283) lw      x5, 12(x10)
core   0: 3 0x80000424 (0x00c52283) x5  0x00000004 mem 0x9002400c
core   0: 0x80000428 (0x5e02c057) vmv.v.x v0, x5
core   0: 3 0x80000428 (0x5e02c057) c8_vstart 0x00000000 e32 m1 l32 v0  0x0000000400000004000000040000000400000004000000040000000400000004000000040000000400000004000000040000000400000004000000040000000400000004000000040000000400000004000000040000000400000004000000040000000400000004000000040000000400000004000000040000000400000004
core   0: 0x8000042c (0x00008067) ret
core   0: 3 0x8000042c (0x00008067)
core   0: 0x80000198 (0x0100006f) j       pc + 0x10
core   0: 3 0x80000198 (0x0100006f)
core   0: 0x800001a8 (0x0000205b) join    v0, v0, pc + 0
core   0: 3 0x800001a8 (0x0000205b)
current mask:	ffffffff
current npc:	80000194
stack size: 0

core   0: 0x800001ac (0xffc12083) lw      x1, -4(x2)
core   0: 3 0x800001ac (0xffc12083) x1  0x80000100 mem 0x70000010
core   0: 0x800001b0 (0x0400c00b) barrier x0, x0, 1
core   0: 3 0x800001b0 (0x0400c00b)
core   0: 0x800001b4 (0xffc10113) addi    x2, x2, -4
core   0: 3 0x800001b4 (0xffc10113) x2  0x70000010
core   0: 0x800001b8 (0x00008067) ret
core   0: 3 0x800001b8 (0x00008067)
core   0: 0x80000100 (0x0480200b) regext  x0, x0,  0 1 1 0 
core   0: 3 0x80000100 (0x0480200b)
core   0: 0x80000104 (0xa6112057) vmadd.vv v0, v1, v2
core   0: 3 0x80000104 (0xa6112057) c8_vstart 0x00000000 e32 m1 l32 v0  0x0000001f0000001e0000001d0000001c0000001b0000001a000000190000001800000017000000160000001500000014000000130000001200000011000000100000000f0000000e0000000d0000000c0000000b0000000a00000009000000080000000700000006000000050000000400000003000000020000000100000000
core   0: 0x80000108 (0x96013057) vsll.vi v0, v0, 2
core   0: 3 0x80000108 (0x96013057) c8_vstart 0x00000000 e32 m1 l32 v0  0x0000007c0000007800000074000000700000006c0000006800000064000000600000005c0000005800000054000000500000004c0000004800000044000000400000003c0000003800000034000000300000002c0000002800000024000000200000001c0000001800000014000000100000000c000000080000000400000000
core   0: 0x8000010c (0xffc12303) lw      x6, -4(x2)
core   0: 3 0x8000010c (0xffc12303) x6  0x90000000 mem 0x7000000c
core   0: 0x80000110 (0x020340d7) vadd.vx v1, v0, x6
core   0: 3 0x80000110 (0x020340d7) c8_vstart 0x00000000 e32 m1 l32 v1  0x9000007c9000007890000074900000709000006c9000006890000064900000609000005c9000005890000054900000509000004c9000004890000044900000409000003c9000003890000034900000309000002c9000002890000024900000209000001c9000001890000014900000109000000c900000089000000490000000
core   0: 0x80000114 (0x0000a0fb) vlw12.v v1, v1, 0
core   0: 3 0x80000114 (0x0000a0fb) e32 m1 l32 v1  0x00000000000000000000000000000000000000000000000000000000000000000000000000000000000000000000000000000000000000000000000000000000417000004160000041500000414000004130000041200000411000004100000040e0000040c0000040a000004080000040400000400000003f80000000000000 c8_vstart 0x00000000 mem 0x90000000 mem 0x90000004 mem 0x90000008 mem 0x9000000c mem 0x90000010 mem 0x90000014 mem 0x90000018 mem 0x9000001c mem 0x90000020 mem 0x90000024 mem 0x90000028 mem 0x9000002c mem 0x90000030 mem 0x90000034 mem 0x90000038 mem 0x9000003c mem 0x90000040 mem 0x90000044 mem 0x90000048 mem 0x9000004c mem 0x90000050 mem 0x90000054 mem 0x90000058 mem 0x9000005c mem 0x90000060 mem 0x90000064 mem 0x90000068 mem 0x9000006c mem 0x90000070 mem 0x90000074 mem 0x90000078 mem 0x9000007c
core   0: 0x80000118 (0xff812283) lw      x5, -8(x2)
core   0: 3 0x80000118 (0xff812283) x5  0x90001000 mem 0x70000008
core   0: 0x8000011c (0x0202c157) vadd.vx v2, v0, x5
core   0: 3 0x8000011c (0x0202c157) c8_vstart 0x00000000 e32 m1 l32 v2  0x9000107c9000107890001074900010709000106c9000106890001064900010609000105c9000105890001054900010509000104c9000104890001044900010409000103c9000103890001034900010309000102c9000102890001024900010209000101c9000101890001014900010109000100c900010089000100490001000
core   0: 0x80000120 (0x0001217b) vlw12.v v2, v2, 0
core   0: 3 0x80000120 (0x0001217b) e32 m1 l32 v2  0x000000000000000000000000000000000000000000000000000000000000000000000000000000000000000000000000000000000000000000000000000000003f80000040000000404000004080000040a0000040c0000040e00000410000004110000041200000413000004140000041500000416000004170000041800000 c8_vstart 0x00000000 mem 0x90001000 mem 0x90001004 mem 0x90001008 mem 0x9000100c mem 0x90001010 mem 0x90001014 mem 0x90001018 mem 0x9000101c mem 0x90001020 mem 0x90001024 mem 0x90001028 mem 0x9000102c mem 0x90001030 mem 0x90001034 mem 0x90001038 mem 0x9000103c mem 0x90001040 mem 0x90001044 mem 0x90001048 mem 0x9000104c mem 0x90001050 mem 0x90001054 mem 0x90001058 mem 0x9000105c mem 0x90001060 mem 0x90001064 mem 0x90001068 mem 0x9000106c mem 0x90001070 mem 0x90001074 mem 0x90001078 mem 0x9000107c
core   0: 0x80000124 (0x021110d7) vfadd.vv v1, v1, v2
core   0: 3 0x80000124 (0x021110d7) c8_vstart 0x00000000 e32 m1 l32 v1  0x0000000000000000000000000000000000000000000000000000000000000000000000000000000000000000000000000000000000000000000000000000000041800000418000004180000041800000418000004180000041800000418000004180000041800000418000004180000041800000418000004180000041800000
core   0: 0x80000128 (0xff412283) lw      x5, -12(x2)
core   0: 3 0x80000128 (0xff412283) x5  0x90002000 mem 0x70000004
core   0: 0x8000012c (0x0202c057) vadd.vx v0, v0, x5
core   0: 3 0x8000012c (0x0202c057) c8_vstart 0x00000000 e32 m1 l32 v0  0x9000207c9000207890002074900020709000206c9000206890002064900020609000205c9000205890002054900020509000204c9000204890002044900020409000203c9000203890002034900020309000202c9000202890002024900020209000201c9000201890002014900020109000200c900020089000200490002000
core   0: 0x80000130 (0x0010607b) vsw12.v v1, v0, 0
core   0: 3 0x80000130 (0x0010607b) c8_vstart 0x00000000 e32 m1 l32 mem 0x90002000 0x41800000 mem 0x90002004 0x41800000 mem 0x90002008 0x41800000 mem 0x9000200c 0x41800000 mem 0x90002010 0x41800000 mem 0x90002014 0x41800000 mem 0x90002018 0x41800000 mem 0x9000201c 0x41800000 mem 0x90002020 0x41800000 mem 0x90002024 0x41800000 mem 0x90002028 0x41800000 mem 0x9000202c 0x41800000 mem 0x90002030 0x41800000 mem 0x90002034 0x41800000 mem 0x90002038 0x41800000 mem 0x9000203c 0x41800000 mem 0x90002040 0x00000000 mem 0x90002044 0x00000000 mem 0x90002048 0x00000000 mem 0x9000204c 0x00000000 mem 0x90002050 0x00000000 mem 0x90002054 0x00000000 mem 0x90002058 0x00000000 mem 0x9000205c 0x00000000 mem 0x90002060 0x00000000 mem 0x90002064 0x00000000 mem 0x90002068 0x00000000 mem 0x9000206c 0x00000000 mem 0x90002070 0x00000000 mem 0x90002074 0x00000000 mem 0x90002078 0x00000000 mem 0x9000207c 0x00000000
core   0: 0x80000134 (0xff012083) lw      x1, -16(x2)
core   0: 3 0x80000134 (0xff012083) x1  0x80000090 mem 0x70000000
core   0: 0x80000138 (0x0400c00b) barrier x0, x0, 1
core   0: 3 0x80000138 (0x0400c00b)
core   0: 0x8000013c (0xff010113) addi    x2, x2, -16
core   0: 3 0x8000013c (0xff010113) x2  0x70000000
core   0: 0x80000140 (0xff820213) addi    x4, x4, -8
core   0: 3 0x80000140 (0xff820213) x4  0x00000000
core   0: 0x80000144 (0x00008067) ret
core   0: 3 0x80000144 (0x00008067)
core   0: 0x80000090 (0x0000400b) endprg  x0, x0, x0
core   0: 3 0x80000090 (0x0000400b)
core   0: 0x80000094 (0x0040006f) j       pc + 0x4
core   0: 3 0x80000094 (0x0040006f)
core   0: 0x80000098 (0x00100313) li      x6, 1
core   0: 3 0x80000098 (0x00100313) x6  0x00000001
core   0: 0x8000009c (0x00001297) auipc   x5, 0x1
core   0: 3 0x8000009c (0x00001297) x5  0x8000109c
core   0: 0x800000a0 (0xf6428293) addi    x5, x5, -156
core   0: 3 0x800000a0 (0xf6428293) x5  0x80001000
core   0: 0x800000a4 (0x0062a023) sw      x6, 0(x5)
core   0: 3 0x800000a4 (0x0062a023) mem 0x80001000 0x00000001
