** Final POCL_DEBUG flags: 100000 
WG size of kernel_swap = 64, WG size of kernel_kmeans = 64 

I/O completed

Number of objects: 32
Number of features: 34
[INFO]: [HW DRIVER] in [FILE] ventus.cpp,[LINE]25,[fn] vt_dev_open: vt_dev_open : hello world from ventus.cpp
spike device initialize: allocating local memory: to allocate at 0x70000000 with 268435456 bytes 
spike device initialize: allocating pc source memory: to allocate at 0x80000000 with 268435456 bytes 
### options: -DPOCL_DEVICE_ADDRESS_BITS=32 -D__USE_CLANG_OPENCL_C_H -xcl -Dinline= -I. -cl-kernel-arg-info  -D__ENDIAN_LITTLE__=1 -DCL_DEVICE_MAX_GLOBAL_VARIABLE_SIZE=0 -D__OPENCL_VERSION__=200 -cl-std=CL2.0 -D__OPENCL_C_VERSION__=200 -Dcl_khr_fp64=1 -D__opencl_c_generic_address_space=1 -D__opencl_c_named_address_space_builtins=1 -cl-ext=-all,+cl_khr_fp64,+__opencl_c_generic_address_space,+__opencl_c_named_address_space_builtins -fno-builtin -triple=riscv32 -target-cpu ventus-gpgpu user_options: 
### Triple: riscv32, CPU: ventus-gpgpu
12--
8--
4--
4--
8--
12--
16--
4--
12--
8--
8--
4--
12--
16--
Warning: the memory at  [0x90000000, 0x900010FF] has been realigned
to the 4 KiB page size: [0x90000000, 0x90001FFF]
Warning: the memory at  [0x90002000, 0x900030FF] has been realigned
to the 4 KiB page size: [0x90002000, 0x90003FFF]
[2024-02-28 09:47:55.747272870] POCL: in fn void pocl_ventus_run(void *, _cl_command_node *) at line 616:
  *** INFO ***  |    VENTUS |  Allocating kernel arg buffer entry:
Warning: the memory at  [0x90004000, 0x9000400F] has been realigned
to the 4 KiB page size: [0x90004000, 0x90004FFF]
[2024-02-28 09:47:55.772933391] POCL: in fn void pocl_ventus_run(void *, _cl_command_node *) at line 670:
  *** INFO ***  |    VENTUS |  Kernel entry of "kmeans_swap" is : "0x80000224"
[2024-02-28 09:47:56.565694622] POCL: in fn void pocl_ventus_run(void *, _cl_command_node *) at line 693:
  *** INFO ***  |    VENTUS |  Vmem file has been written to object.vmem
[2024-02-28 09:47:56.565938939] POCL: in fn void pocl_ventus_run(void *, _cl_command_node *) at line 737:
  *** INFO ***  |    VENTUS |  Preparing private memory of ventus:
[2024-02-28 09:47:56.565947968] POCL: in fn void pocl_ventus_run(void *, _cl_command_node *) at line 772:
  *** INFO ***  |    VENTUS |  Allocating metadata space:
Warning: the memory at  [0x90045000, 0x9004503F] has been realigned
to the 4 KiB page size: [0x90045000, 0x90045FFF]
[2024-02-28 09:47:56.565954956] POCL: in fn void pocl_ventus_run(void *, _cl_command_node *) at line 782:
  *** INFO ***  |    VENTUS |  kernel metadata has been written to 0x90045000
to allocate at 0x90000000 with 8192 bytes 
to copy to 0x90000000 with 4352 bytes
to allocate at 0x90002000 with 8192 bytes 
notice that ventus hasn't support local buffer as argument yet.
to allocate at 0x90004000 with 4096 bytes 
to copy to 0x90004000 with 16 bytes
to allocate at 0x90005000 with 262144 bytes 
to allocate at 0x90045000 with 4096 bytes 
to copy to 0x90045000 with 64 bytes
arg gpgpu is numw:4,numt:16,numwg:1,kernelx:1,kernely:1,kernelz:1,ldssize:0x1000,pdssize:0x10000,pdsbase:0x90005000,knlbase:0x90045000
vaddr mem scope is -m0x70000000:0x90046000
src file is object.riscv, run log is written to object.riscv.log
spike -l --log-commits -p4 --isa rv32gcv_zfh --pc=0x80000000 -m0x70000000:0x90046000 --varch vlen:512,elen:32 --gpgpuarch numw:4,numt:16,numwg:1,kernelx:1,kernely:1,kernelz:1,ldssize:0x1000,pdssize:0x10000,pdsbase:0x90005000,knlbase:0x90045000 --log=object.riscv.log object.riscv 
warp number: 4 thread number = 16  workgroup number = 1 workgroup dimension:1*1*1 lds size: 0x1000 pds size: 0x10000 lds base: 0x70000000 pds base: 0x90005000 knl base: 0x90045000
all warps reach the endprg. now proc 0 will end the simulation.
Warning: the memory at  [0x90004000, 0x900042A7] has been realigned
to the 4 KiB page size: [0x90004000, 0x90004FFF]
Warning: the memory at  [0x90005000, 0x9000507F] has been realigned
to the 4 KiB page size: [0x90005000, 0x90005FFF]
[2024-02-28 09:47:56.597669846] POCL: in fn void pocl_ventus_run(void *, _cl_command_node *) at line 616:
  *** INFO ***  |    VENTUS |  Allocating kernel arg buffer entry:
Warning: the memory at  [0x90006000, 0x9000601F] has been realigned
to the 4 KiB page size: [0x90006000, 0x90006FFF]
[2024-02-28 09:47:56.615745319] POCL: in fn void pocl_ventus_run(void *, _cl_command_node *) at line 670:
  *** INFO ***  |    VENTUS |  Kernel entry of "kmeans_kernel_c" is : "0x800000ac"
[2024-02-28 09:47:57.414931513] POCL: in fn void pocl_ventus_run(void *, _cl_command_node *) at line 693:
  *** INFO ***  |    VENTUS |  Vmem file has been written to object.vmem
[2024-02-28 09:47:57.415186273] POCL: in fn void pocl_ventus_run(void *, _cl_command_node *) at line 737:
  *** INFO ***  |    VENTUS |  Preparing private memory of ventus:
[2024-02-28 09:47:57.415193480] POCL: in fn void pocl_ventus_run(void *, _cl_command_node *) at line 772:
  *** INFO ***  |    VENTUS |  Allocating metadata space:
Warning: the memory at  [0x90047000, 0x9004703F] has been realigned
to the 4 KiB page size: [0x90047000, 0x90047FFF]
[2024-02-28 09:47:57.415204870] POCL: in fn void pocl_ventus_run(void *, _cl_command_node *) at line 782:
  *** INFO ***  |    VENTUS |  kernel metadata has been written to 0x90047000
Log file object.riscv.log renamed successfully to kmeans_swap_0.log.
to allocate at 0x90004000 with 4096 bytes 
to copy to 0x90004000 with 680 bytes
to allocate at 0x90005000 with 4096 bytes 
notice that ventus hasn't support local buffer as argument yet.
to allocate at 0x90006000 with 4096 bytes 
to copy to 0x90006000 with 32 bytes
to allocate at 0x90007000 with 262144 bytes 
to allocate at 0x90047000 with 4096 bytes 
to copy to 0x90047000 with 64 bytes
arg gpgpu is numw:4,numt:16,numwg:1,kernelx:1,kernely:1,kernelz:1,ldssize:0x1000,pdssize:0x10000,pdsbase:0x90007000,knlbase:0x90047000
vaddr mem scope is -m0x70000000:0x90048000
src file is object.riscv, run log is written to object.riscv.log
spike -l --log-commits -p4 --isa rv32gcv_zfh --pc=0x80000000 -m0x70000000:0x90048000 --varch vlen:512,elen:32 --gpgpuarch numw:4,numt:16,numwg:1,kernelx:1,kernely:1,kernelz:1,ldssize:0x1000,pdssize:0x10000,pdsbase:0x90007000,knlbase:0x90047000 --log=object.riscv.log object.riscv 
warp number: 4 thread number = 16  workgroup number = 1 workgroup dimension:1*1*1 lds size: 0x1000 pds size: 0x10000 lds base: 0x70000000 pds base: 0x90007000 knl base: 0x90047000
all warps reach the endprg. now proc 0 will end the simulation.
[2024-02-28 09:47:57.461576387] POCL: in fn void pocl_ventus_run(void *, _cl_command_node *) at line 616:
  *** INFO ***  |    VENTUS |  Allocating kernel arg buffer entry:
Warning: the memory at  [0x90006000, 0x9000601F] has been realigned
to the 4 KiB page size: [0x90006000, 0x90006FFF]
[2024-02-28 09:47:57.486105224] POCL: in fn void pocl_ventus_run(void *, _cl_command_node *) at line 670:
  *** INFO ***  |    VENTUS |  Kernel entry of "kmeans_kernel_c" is : "0x800000ac"
[2024-02-28 09:47:58.288971695] POCL: in fn void pocl_ventus_run(void *, _cl_command_node *) at line 693:
  *** INFO ***  |    VENTUS |  Vmem file has been written to object.vmem
[2024-02-28 09:47:58.289162379] POCL: in fn void pocl_ventus_run(void *, _cl_command_node *) at line 737:
  *** INFO ***  |    VENTUS |  Preparing private memory of ventus:
[2024-02-28 09:47:58.289174382] POCL: in fn void pocl_ventus_run(void *, _cl_command_node *) at line 772:
  *** INFO ***  |    VENTUS |  Allocating metadata space:
Warning: the memory at  [0x90047000, 0x9004703F] has been realigned
to the 4 KiB page size: [0x90047000, 0x90047FFF]
[2024-02-28 09:47:58.289183657] POCL: in fn void pocl_ventus_run(void *, _cl_command_node *) at line 782:
  *** INFO ***  |    VENTUS |  kernel metadata has been written to 0x90047000
Log file object.riscv.log renamed successfully to kmeans_kernel_c_0.log.
to copy from 0x90005000 with 128 bytes
to copy to 0x90004000 with 680 bytes
notice that ventus hasn't support local buffer as argument yet.
to allocate at 0x90006000 with 4096 bytes 
to copy to 0x90006000 with 32 bytes
to allocate at 0x90007000 with 262144 bytes 
to allocate at 0x90047000 with 4096 bytes 
to copy to 0x90047000 with 64 bytes
arg gpgpu is numw:4,numt:16,numwg:1,kernelx:1,kernely:1,kernelz:1,ldssize:0x1000,pdssize:0x10000,pdsbase:0x90007000,knlbase:0x90047000
vaddr mem scope is -m0x70000000:0x90048000
src file is object.riscv, run log is written to object.riscv.log
spike -l --log-commits -p4 --isa rv32gcv_zfh --pc=0x80000000 -m0x70000000:0x90048000 --varch vlen:512,elen:32 --gpgpuarch numw:4,numt:16,numwg:1,kernelx:1,kernely:1,kernelz:1,ldssize:0x1000,pdssize:0x10000,pdsbase:0x90007000,knlbase:0x90047000 --log=object.riscv.log object.riscv 
warp number: 4 thread number = 16  workgroup number = 1 workgroup dimension:1*1*1 lds size: 0x1000 pds size: 0x10000 lds base: 0x70000000 pds base: 0x90007000 knl base: 0x90047000
all warps reach the endprg. now proc 0 will end the simulation.
Log file object.riscv.log renamed successfully to kmeans_kernel_c_1.log.
to copy from 0x90005000 with 128 bytes
iterated 2 times

================= Centroid Coordinates =================
0: 47.00 209.00 0.00 63.00 59.00 118.00 218.00 94.00 231.00 93.00 231.00 162.00 113.00 19.00 115.00 73.00 219.00 76.00 109.00 77.00 248.00 77.00 223.00 226.00 59.00 13.00 124.00 19.00 150.00 205.00 143.00 197.00 159.00 143.00

1: 4.00 218.00 6.00 222.00 57.00 237.00 59.00 32.00 144.00 172.00 51.00 3.00 245.00 14.00 79.00 99.00 92.00 72.00 176.00 59.00 42.00 235.00 72.00 166.00 255.00 222.00 115.00 142.00 163.00 18.00 30.00 167.00 237.00 36.00

2: 134.00 38.00 17.00 193.00 70.00 161.00 110.00 122.00 164.00 99.00 136.00 244.00 198.00 228.00 60.00 119.00 32.00 102.00 98.00 104.00 12.00 97.00 71.00 127.00 240.00 234.00 146.00 14.00 146.00 127.00 50.00 24.00 165.00 67.00

3: 217.00 235.00 229.00 71.00 101.00 137.00 171.00 238.00 125.00 113.00 210.00 185.00 232.00 242.00 31.00 75.00 91.00 43.00 172.00 162.00 171.00 156.00 140.00 61.00 170.00 30.00 188.00 220.00 54.00 97.00 32.00 16.00 76.00 5.00

4: 109.66 132.25 109.84 133.75 96.88 129.22 134.69 109.81 145.22 120.81 119.53 125.56 161.81 139.56 134.75 122.62 127.72 135.12 122.69 124.00 132.91 152.53 120.34 142.50 125.38 127.25 134.97 123.38 126.19 124.41 125.47 132.09 145.03 99.59

Number of Iteration: 1
